
 ************************************************
 *                                              *
 *   IE3D Electromagnetic Simulator for Win32   *
 *             Special Flow Edition             *
 *                                              *
 *                 Version 12.28                *
 *                                              *
 *           Serial Number: 0000000000708           *
 *                                              *
 * (C)Copyright 1993-2007, Zeland Software, Inc.*
 *              All Rights Reserved             *
 *                                              *
 ************************************************

 Maximum allowed CPU usage number is 1


 This program is licensed to:
   Evaluators  

 Simulation geometry: E:\BE PROJECT - 2\Practical Values geo files\1500_1.geo
 The simulation started at: Fri Jan 22 19:52:33 2021

   Meshing Performed Using Classical Scheme with Parameters: 
   Fmax=2.9 GHz, Ncells=12, AEC=0, AEC Ratio=(0.1, 0.4), AEC Level=0
 
   Ports=1, Cells/Volumes/Unknowns=256/0/379, Min 1 MB RAM for SMSa
   FASTA Informaton: N/A

  No.1/25 Freq = 0.8 (GHz):    Cells/Volumes/Unknowns: 256/0/379, SMSa: 50.13%
    Filling matrix:  0% 10% 20% 30% 40% 50% 60% 70% 80% 90% 100%  Solving Matrix... (0 sec)
  No.2/25 Freq = 0.883333333 (GHz):    Cells/Volumes/Unknowns: 256/0/379, SMSa: 50.13%
    Filling matrix:  0% 10% 20% 30% 40% 50% 60% 70% 80% 90% 100%  Solving Matrix... (1 sec)
  No.3/25 Freq = 0.966666667 (GHz):    Cells/Volumes/Unknowns: 256/0/379, SMSa: 50.13%
    Filling matrix:  0% 10% 20% 30% 40% 50% 60% 70% 80% 90% 100%  Solving Matrix... (1 sec)
  No.4/25 Freq = 1.05 (GHz):    Cells/Volumes/Unknowns: 256/0/379, SMSa: 50.13%
    Filling matrix:  0% 10% 20% 30% 40% 50% 60% 70% 80% 90% 100%  Solving Matrix... (1 sec)
  No.5/25 Freq = 1.13333333 (GHz):    Cells/Volumes/Unknowns: 256/0/379, SMSa: 50.13%
    Filling matrix:  0% 10% 20% 30% 40% 50% 60% 70% 80% 90% 100%  Solving Matrix... (2 sec)
  No.6/25 Freq = 1.21666667 (GHz):    Cells/Volumes/Unknowns: 256/0/379, SMSa: 50.13%
    Filling matrix:  0% 10% 20% 30% 40% 50% 60% 70% 80% 90% 100%  Solving Matrix... (2 sec)
  No.7/25 Freq = 1.3 (GHz):    Cells/Volumes/Unknowns: 256/0/379, SMSa: 50.13%
    Filling matrix:  0% 10% 20% 30% 40% 50% 60% 70% 80% 90% 100%  Solving Matrix... (3 sec)
  No.8/25 Freq = 1.38333333 (GHz):    Cells/Volumes/Unknowns: 256/0/379, SMSa: 50.13%
    Filling matrix:  0% 10% 20% 30% 40% 50% 60% 70% 80% 90% 100%  Solving Matrix... (3 sec)
  No.9/25 Freq = 1.46666667 (GHz):    Cells/Volumes/Unknowns: 256/0/379, SMSa: 50.13%
    Filling matrix:  0% 10% 20% 30% 40% 50% 60% 70% 80% 90% 100%  Solving Matrix... (3 sec)
  No.10/25 Freq = 1.55 (GHz):    Cells/Volumes/Unknowns: 256/0/379, SMSa: 50.13%
    Filling matrix:  0% 10% 20% 30% 40% 50% 60% 70% 80% 90% 100%  Solving Matrix... (4 sec)
  No.11/25 Freq = 1.63333333 (GHz):    Cells/Volumes/Unknowns: 256/0/379, SMSa: 50.13%
    Filling matrix:  0% 10% 20% 30% 40% 50% 60% 70% 80% 90% 100%  Solving Matrix... (4 sec)
  No.12/25 Freq = 1.71666667 (GHz):    Cells/Volumes/Unknowns: 256/0/379, SMSa: 50.13%
    Filling matrix:  0% 10% 20% 30% 40% 50% 60% 70% 80% 90% 100%  Solving Matrix... (5 sec)
  No.13/25 Freq = 1.8 (GHz):    Cells/Volumes/Unknowns: 256/0/379, SMSa: 50.13%
    Filling matrix:  0% 10% 20% 30% 40% 50% 60% 70% 80% 90% 100%  Solving Matrix... (5 sec)
  No.14/25 Freq = 1.88333333 (GHz):    Cells/Volumes/Unknowns: 256/0/379, SMSa: 50.13%
    Filling matrix:  0% 10% 20% 30% 40% 50% 60% 70% 80% 90% 100%  Solving Matrix... (5 sec)
  No.15/25 Freq = 1.96666667 (GHz):    Cells/Volumes/Unknowns: 256/0/379, SMSa: 50.13%
    Filling matrix:  0% 10% 20% 30% 40% 50% 60% 70% 80% 90% 100%  Solving Matrix... (6 sec)
  No.16/25 Freq = 2.05 (GHz):    Cells/Volumes/Unknowns: 256/0/379, SMSa: 50.13%
    Filling matrix:  0% 10% 20% 30% 40% 50% 60% 70% 80% 90% 100%  Solving Matrix... (6 sec)
  No.17/25 Freq = 2.13333333 (GHz):    Cells/Volumes/Unknowns: 256/0/379, SMSa: 50.13%
    Filling matrix:  0% 10% 20% 30% 40% 50% 60% 70% 80% 90% 100%  Solving Matrix... (7 sec)
  No.18/25 Freq = 2.21666667 (GHz):    Cells/Volumes/Unknowns: 256/0/379, SMSa: 50.13%
    Filling matrix:  0% 10% 20% 30% 40% 50% 60% 70% 80% 90% 100%  Solving Matrix... (7 sec)
  No.19/25 Freq = 2.3 (GHz):    Cells/Volumes/Unknowns: 256/0/379, SMSa: 50.13%
    Filling matrix:  0% 10% 20% 30% 40% 50% 60% 70% 80% 90% 100%  Solving Matrix... (8 sec)
  No.20/25 Freq = 2.38333333 (GHz):    Cells/Volumes/Unknowns: 256/0/379, SMSa: 50.13%
    Filling matrix:  0% 10% 20% 30% 40% 50% 60% 70% 80% 90% 100%  Solving Matrix... (8 sec)
  No.21/25 Freq = 2.46666667 (GHz):    Cells/Volumes/Unknowns: 256/0/379, SMSa: 50.13%
    Filling matrix:  0% 10% 20% 30% 40% 50% 60% 70% 80% 90% 100%  Solving Matrix... (8 sec)
  No.22/25 Freq = 2.55 (GHz):    Cells/Volumes/Unknowns: 256/0/379, SMSa: 50.13%
    Filling matrix:  0% 10% 20% 30% 40% 50% 60% 70% 80% 90% 100%  Solving Matrix... (9 sec)
  No.23/25 Freq = 2.63333333 (GHz):    Cells/Volumes/Unknowns: 256/0/379, SMSa: 50.13%
    Filling matrix:  0% 10% 20% 30% 40% 50% 60% 70% 80% 90% 100%  Solving Matrix... (9 sec)
  No.24/25 Freq = 2.71666667 (GHz):    Cells/Volumes/Unknowns: 256/0/379, SMSa: 50.13%
    Filling matrix:  0% 10% 20% 30% 40% 50% 60% 70% 80% 90% 100%  Solving Matrix... (10 sec)
  No.25/25 Freq = 2.8 (GHz):    Cells/Volumes/Unknowns: 256/0/379, SMSa: 50.13%
    Filling matrix:  0% 10% 20% 30% 40% 50% 60% 70% 80% 90% 100%  Solving Matrix... (10 sec)

 The simulation is finished at Fri Jan 22 19:52:43 2021 successfully!
 Total simulation time is 10 seconds.
 The s-parameter data is saved in: E:\BE PROJECT - 2\Practical Values geo files\output\1500_1.sp
