
 ************************************************
 *                                              *
 *   IE3D Electromagnetic Simulator for Win32   *
 *             Special Flow Edition             *
 *                                              *
 *                 Version 12.28                *
 *                                              *
 *           Serial Number: 0000000000708           *
 *                                              *
 * (C)Copyright 1993-2007, Zeland Software, Inc.*
 *              All Rights Reserved             *
 *                                              *
 ************************************************

 Maximum allowed CPU usage number is 1


 This program is licensed to:
   Evaluators  

 Simulation geometry: E:\BE PROJECT - 2\Half Patch E-CMSA\Practical Values geo files\1500_point07.geo
 The simulation started at: Thu Apr 22 18:46:24 2021

   Meshing Performed Using Classical Scheme with Parameters: 
   Fmax=3 GHz, Ncells=12, AEC=0, AEC Ratio=(0.1, 0.4), AEC Level=0
 
   Ports=1, Cells/Volumes/Unknowns=247/0/360, Min 1 MB RAM for SMSa
   FASTA Informaton: N/A

  No.1/21 Freq = 1.2 (GHz):    Cells/Volumes/Unknowns: 247/0/360, SMSa: 50.14%
    Filling matrix:  0% 10% 20% 30% 40% 50% 60% 70% 80% 90% 100%  Solving Matrix... (0 sec)
  No.2/21 Freq = 1.23 (GHz):    Cells/Volumes/Unknowns: 247/0/360, SMSa: 50.14%
    Filling matrix:  0% 10% 20% 30% 40% 50% 60% 70% 80% 90% 100%  Solving Matrix... (1 sec)
  No.3/21 Freq = 1.26 (GHz):    Cells/Volumes/Unknowns: 247/0/360, SMSa: 50.14%
    Filling matrix:  0% 10% 20% 30% 40% 50% 60% 70% 80% 90% 100%  Solving Matrix... (1 sec)
  No.4/21 Freq = 1.29 (GHz):    Cells/Volumes/Unknowns: 247/0/360, SMSa: 50.14%
    Filling matrix:  0% 10% 20% 30% 40% 50% 60% 70% 80% 90% 100%  Solving Matrix... (2 sec)
  No.5/21 Freq = 1.32 (GHz):    Cells/Volumes/Unknowns: 247/0/360, SMSa: 50.14%
    Filling matrix:  0% 10% 20% 30% 40% 50% 60% 70% 80% 90% 100%  Solving Matrix... (2 sec)
  No.6/21 Freq = 1.35 (GHz):    Cells/Volumes/Unknowns: 247/0/360, SMSa: 50.14%
    Filling matrix:  0% 10% 20% 30% 40% 50% 60% 70% 80% 90% 100%  Solving Matrix... (2 sec)
  No.7/21 Freq = 1.38 (GHz):    Cells/Volumes/Unknowns: 247/0/360, SMSa: 50.14%
    Filling matrix:  0% 10% 20% 30% 40% 50% 60% 70% 80% 90% 100%  Solving Matrix... (3 sec)
  No.8/21 Freq = 1.41 (GHz):    Cells/Volumes/Unknowns: 247/0/360, SMSa: 50.14%
    Filling matrix:  0% 10% 20% 30% 40% 50% 60% 70% 80% 90% 100%  Solving Matrix... (3 sec)
  No.9/21 Freq = 1.44 (GHz):    Cells/Volumes/Unknowns: 247/0/360, SMSa: 50.14%
    Filling matrix:  0% 10% 20% 30% 40% 50% 60% 70% 80% 90% 100%  Solving Matrix... (4 sec)
  No.10/21 Freq = 1.47 (GHz):    Cells/Volumes/Unknowns: 247/0/360, SMSa: 50.14%
    Filling matrix:  0% 10% 20% 30% 40% 50% 60% 70% 80% 90% 100%  Solving Matrix... (4 sec)
  No.11/21 Freq = 1.5 (GHz):    Cells/Volumes/Unknowns: 247/0/360, SMSa: 50.14%
    Filling matrix:  0% 10% 20% 30% 40% 50% 60% 70% 80% 90% 100%  Solving Matrix... (5 sec)
  No.12/21 Freq = 1.53 (GHz):    Cells/Volumes/Unknowns: 247/0/360, SMSa: 50.14%
    Filling matrix:  0% 10% 20% 30% 40% 50% 60% 70% 80% 90% 100%  Solving Matrix... (5 sec)
  No.13/21 Freq = 1.56 (GHz):    Cells/Volumes/Unknowns: 247/0/360, SMSa: 50.14%
    Filling matrix:  0% 10% 20% 30% 40% 50% 60% 70% 80% 90% 100%  Solving Matrix... (6 sec)
  No.14/21 Freq = 1.59 (GHz):    Cells/Volumes/Unknowns: 247/0/360, SMSa: 50.14%
    Filling matrix:  0% 10% 20% 30% 40% 50% 60% 70% 80% 90% 100%  Solving Matrix... (6 sec)
  No.15/21 Freq = 1.62 (GHz):    Cells/Volumes/Unknowns: 247/0/360, SMSa: 50.14%
    Filling matrix:  0% 10% 20% 30% 40% 50% 60% 70% 80% 90% 100%  Solving Matrix... (6 sec)
  No.16/21 Freq = 1.65 (GHz):    Cells/Volumes/Unknowns: 247/0/360, SMSa: 50.14%
    Filling matrix:  0% 10% 20% 30% 40% 50% 60% 70% 80% 90% 100%  Solving Matrix... (7 sec)
  No.17/21 Freq = 1.68 (GHz):    Cells/Volumes/Unknowns: 247/0/360, SMSa: 50.14%
    Filling matrix:  0% 10% 20% 30% 40% 50% 60% 70% 80% 90% 100%  Solving Matrix... (7 sec)
  No.18/21 Freq = 1.71 (GHz):    Cells/Volumes/Unknowns: 247/0/360, SMSa: 50.14%
    Filling matrix:  0% 10% 20% 30% 40% 50% 60% 70% 80% 90% 100%  Solving Matrix... (7 sec)
  No.19/21 Freq = 1.74 (GHz):    Cells/Volumes/Unknowns: 247/0/360, SMSa: 50.14%
    Filling matrix:  0% 10% 20% 30% 40% 50% 60% 70% 80% 90% 100%  Solving Matrix... (8 sec)
  No.20/21 Freq = 1.77 (GHz):    Cells/Volumes/Unknowns: 247/0/360, SMSa: 50.14%
    Filling matrix:  0% 10% 20% 30% 40% 50% 60% 70% 80% 90% 100%  Solving Matrix... (8 sec)
  No.21/21 Freq = 1.8 (GHz):    Cells/Volumes/Unknowns: 247/0/360, SMSa: 50.14%
    Filling matrix:  0% 10% 20% 30% 40% 50% 60% 70% 80% 90% 100%  Solving Matrix... (8 sec)

 The simulation is finished at Thu Apr 22 18:46:32 2021 successfully!
 Total simulation time is 8 seconds.
 The s-parameter data is saved in: E:\BE PROJECT - 2\Half Patch E-CMSA\Practical Values geo files\output\1500_point07.sp
