
 ************************************************
 *                                              *
 *   IE3D Electromagnetic Simulator for Win32   *
 *             Special Flow Edition             *
 *                                              *
 *                 Version 12.28                *
 *                                              *
 *           Serial Number: 0000000000708           *
 *                                              *
 * (C)Copyright 1993-2007, Zeland Software, Inc.*
 *              All Rights Reserved             *
 *                                              *
 ************************************************

 Maximum allowed CPU usage number is 1


 This program is licensed to:
   Evaluators  

 Simulation geometry: E:\BE PROJECT - 2\Practical Values geo files\3900_point07.geo
 The simulation started at: Mon Jan 25 13:21:07 2021

   Meshing Performed Using Classical Scheme with Parameters: 
   Fmax=5.3 GHz, Ncells=12, AEC=0, AEC Ratio=(0.1, 0.4), AEC Level=0
 
   Ports=1, Cells/Volumes/Unknowns=153/0/231, Min 0 MB RAM for SMSa
   FASTA Informaton: N/A

  No.1/25 Freq = 3.2 (GHz):    Cells/Volumes/Unknowns: 153/0/231, SMSa: 50.22%
    Filling matrix:  0% 10% 20% 30% 40% 50% 60% 70% 80% 90% 100%  Solving Matrix... (0 sec)
  No.2/25 Freq = 3.28333333 (GHz):    Cells/Volumes/Unknowns: 153/0/231, SMSa: 50.22%
    Filling matrix:  0% 10% 20% 30% 40% 50% 60% 70% 80% 90% 100%  Solving Matrix... (0 sec)
  No.3/25 Freq = 3.36666667 (GHz):    Cells/Volumes/Unknowns: 153/0/231, SMSa: 50.22%
    Filling matrix:  0% 10% 20% 30% 40% 50% 60% 70% 80% 90% 100%  Solving Matrix... (1 sec)
  No.4/25 Freq = 3.45 (GHz):    Cells/Volumes/Unknowns: 153/0/231, SMSa: 50.22%
    Filling matrix:  0% 10% 20% 30% 40% 50% 60% 70% 80% 90% 100%  Solving Matrix... (1 sec)
  No.5/25 Freq = 3.53333333 (GHz):    Cells/Volumes/Unknowns: 153/0/231, SMSa: 50.22%
    Filling matrix:  0% 10% 20% 30% 40% 50% 60% 70% 80% 90% 100%  Solving Matrix... (1 sec)
  No.6/25 Freq = 3.61666667 (GHz):    Cells/Volumes/Unknowns: 153/0/231, SMSa: 50.22%
    Filling matrix:  0% 10% 20% 30% 40% 50% 60% 70% 80% 90% 100%  Solving Matrix... (1 sec)
  No.7/25 Freq = 3.7 (GHz):    Cells/Volumes/Unknowns: 153/0/231, SMSa: 50.22%
    Filling matrix:  0% 10% 20% 30% 40% 50% 60% 70% 80% 90% 100%  Solving Matrix... (2 sec)
  No.8/25 Freq = 3.78333333 (GHz):    Cells/Volumes/Unknowns: 153/0/231, SMSa: 50.22%
    Filling matrix:  0% 10% 20% 30% 40% 50% 60% 70% 80% 90% 100%  Solving Matrix... (2 sec)
  No.9/25 Freq = 3.86666667 (GHz):    Cells/Volumes/Unknowns: 153/0/231, SMSa: 50.22%
    Filling matrix:  0% 10% 20% 30% 40% 50% 60% 70% 80% 90% 100%  Solving Matrix... (2 sec)
  No.10/25 Freq = 3.95 (GHz):    Cells/Volumes/Unknowns: 153/0/231, SMSa: 50.22%
    Filling matrix:  0% 10% 20% 30% 40% 50% 60% 70% 80% 90% 100%  Solving Matrix... (2 sec)
  No.11/25 Freq = 4.03333333 (GHz):    Cells/Volumes/Unknowns: 153/0/231, SMSa: 50.22%
    Filling matrix:  0% 10% 20% 30% 40% 50% 60% 70% 80% 90% 100%  Solving Matrix... (2 sec)
  No.12/25 Freq = 4.11666667 (GHz):    Cells/Volumes/Unknowns: 153/0/231, SMSa: 50.22%
    Filling matrix:  0% 10% 20% 30% 40% 50% 60% 70% 80% 90% 100%  Solving Matrix... (3 sec)
  No.13/25 Freq = 4.2 (GHz):    Cells/Volumes/Unknowns: 153/0/231, SMSa: 50.22%
    Filling matrix:  0% 10% 20% 30% 40% 50% 60% 70% 80% 90% 100%  Solving Matrix... (3 sec)
  No.14/25 Freq = 4.28333333 (GHz):    Cells/Volumes/Unknowns: 153/0/231, SMSa: 50.22%
    Filling matrix:  0% 10% 20% 30% 40% 50% 60% 70% 80% 90% 100%  Solving Matrix... (3 sec)
  No.15/25 Freq = 4.36666667 (GHz):    Cells/Volumes/Unknowns: 153/0/231, SMSa: 50.22%
    Filling matrix:  0% 10% 20% 30% 40% 50% 60% 70% 80% 90% 100%  Solving Matrix... (3 sec)
  No.16/25 Freq = 4.45 (GHz):    Cells/Volumes/Unknowns: 153/0/231, SMSa: 50.22%
    Filling matrix:  0% 10% 20% 30% 40% 50% 60% 70% 80% 90% 100%  Solving Matrix... (4 sec)
  No.17/25 Freq = 4.53333333 (GHz):    Cells/Volumes/Unknowns: 153/0/231, SMSa: 50.22%
    Filling matrix:  0% 10% 20% 30% 40% 50% 60% 70% 80% 90% 100%  Solving Matrix... (4 sec)
  No.18/25 Freq = 4.61666667 (GHz):    Cells/Volumes/Unknowns: 153/0/231, SMSa: 50.22%
    Filling matrix:  0% 10% 20% 30% 40% 50% 60% 70% 80% 90% 100%  Solving Matrix... (4 sec)
  No.19/25 Freq = 4.7 (GHz):    Cells/Volumes/Unknowns: 153/0/231, SMSa: 50.22%
    Filling matrix:  0% 10% 20% 30% 40% 50% 60% 70% 80% 90% 100%  Solving Matrix... (4 sec)
  No.20/25 Freq = 4.78333333 (GHz):    Cells/Volumes/Unknowns: 153/0/231, SMSa: 50.22%
    Filling matrix:  0% 10% 20% 30% 40% 50% 60% 70% 80% 90% 100%  Solving Matrix... (4 sec)
  No.21/25 Freq = 4.86666667 (GHz):    Cells/Volumes/Unknowns: 153/0/231, SMSa: 50.22%
    Filling matrix:  0% 10% 20% 30% 40% 50% 60% 70% 80% 90% 100%  Solving Matrix... (5 sec)
  No.22/25 Freq = 4.95 (GHz):    Cells/Volumes/Unknowns: 153/0/231, SMSa: 50.22%
    Filling matrix:  0% 10% 20% 30% 40% 50% 60% 70% 80% 90% 100%  Solving Matrix... (5 sec)
  No.23/25 Freq = 5.03333333 (GHz):    Cells/Volumes/Unknowns: 153/0/231, SMSa: 50.22%
    Filling matrix:  0% 10% 20% 30% 40% 50% 60% 70% 80% 90% 100%  Solving Matrix... (5 sec)
  No.24/25 Freq = 5.11666667 (GHz):    Cells/Volumes/Unknowns: 153/0/231, SMSa: 50.22%
    Filling matrix:  0% 10% 20% 30% 40% 50% 60% 70% 80% 90% 100%  Solving Matrix... (5 sec)
  No.25/25 Freq = 5.2 (GHz):    Cells/Volumes/Unknowns: 153/0/231, SMSa: 50.22%
    Filling matrix:  0% 10% 20% 30% 40% 50% 60% 70% 80% 90% 100%  Solving Matrix... (6 sec)

 The simulation is finished at Mon Jan 25 13:21:13 2021 successfully!
 Total simulation time is 6 seconds.
 The s-parameter data is saved in: E:\BE PROJECT - 2\Practical Values geo files\output\3900_point07.sp
