
 ************************************************
 *                                              *
 *   IE3D Electromagnetic Simulator for Win32   *
 *             Special Flow Edition             *
 *                                              *
 *                 Version 12.28                *
 *                                              *
 *           Serial Number: 0000000000708           *
 *                                              *
 * (C)Copyright 1993-2007, Zeland Software, Inc.*
 *              All Rights Reserved             *
 *                                              *
 ************************************************

 Maximum allowed CPU usage number is 1


 This program is licensed to:
   Evaluators  

 Simulation geometry: E:\BE PROJECT - 2\Practical Values geo files\700_1.geo
 The simulation started at: Fri Jan 22 19:40:40 2021

   Meshing Performed Using Classical Scheme with Parameters: 
   Fmax=2.4 GHz, Ncells=12, AEC=0, AEC Ratio=(0.1, 0.4), AEC Level=0
 
   Ports=1, Cells/Volumes/Unknowns=534/0/782, Min 5 MB RAM for SMSa
   FASTA Informaton: N/A

  No.1/24 Freq = 0.4 (GHz):    Cells/Volumes/Unknowns: 534/0/782, SMSa: 50.06%
    Filling matrix:  0% 10% 20% 30% 40% 50% 60% 70% 80% 90% 100%  Solving Matrix... (1 sec)
  No.2/24 Freq = 0.486956522 (GHz):    Cells/Volumes/Unknowns: 534/0/782, SMSa: 50.06%
    Filling matrix:  0% 10% 20% 30% 40% 50% 60% 70% 80% 90% 100%  Solving Matrix... (2 sec)
  No.3/24 Freq = 0.573913043 (GHz):    Cells/Volumes/Unknowns: 534/0/782, SMSa: 50.06%
    Filling matrix:  0% 10% 20% 30% 40% 50% 60% 70% 80% 90% 100%  Solving Matrix... (3 sec)
  No.4/24 Freq = 0.660869565 (GHz):    Cells/Volumes/Unknowns: 534/0/782, SMSa: 50.06%
    Filling matrix:  0% 10% 20% 30% 40% 50% 60% 70% 80% 90% 100%  Solving Matrix... (4 sec)
  No.5/24 Freq = 0.747826087 (GHz):    Cells/Volumes/Unknowns: 534/0/782, SMSa: 50.06%
    Filling matrix:  0% 10% 20% 30% 40% 50% 60% 70% 80% 90% 100%  Solving Matrix... (5 sec)
  No.6/24 Freq = 0.834782609 (GHz):    Cells/Volumes/Unknowns: 534/0/782, SMSa: 50.06%
    Filling matrix:  0% 10% 20% 30% 40% 50% 60% 70% 80% 90% 100%  Solving Matrix... (6 sec)
  No.7/24 Freq = 0.92173913 (GHz):    Cells/Volumes/Unknowns: 534/0/782, SMSa: 50.06%
    Filling matrix:  0% 10% 20% 30% 40% 50% 60% 70% 80% 90% 100%  Solving Matrix... (7 sec)
  No.8/24 Freq = 1.00869565 (GHz):    Cells/Volumes/Unknowns: 534/0/782, SMSa: 50.06%
    Filling matrix:  0% 10% 20% 30% 40% 50% 60% 70% 80% 90% 100%  Solving Matrix... (7 sec)
  No.9/24 Freq = 1.09565217 (GHz):    Cells/Volumes/Unknowns: 534/0/782, SMSa: 50.06%
    Filling matrix:  0% 10% 20% 30% 40% 50% 60% 70% 80% 90% 100%  Solving Matrix... (9 sec)
  No.10/24 Freq = 1.1826087 (GHz):    Cells/Volumes/Unknowns: 534/0/782, SMSa: 50.06%
    Filling matrix:  0% 10% 20% 30% 40% 50% 60% 70% 80% 90% 100%  Solving Matrix... (10 sec)
  No.11/24 Freq = 1.26956522 (GHz):    Cells/Volumes/Unknowns: 534/0/782, SMSa: 50.06%
    Filling matrix:  0% 10% 20% 30% 40% 50% 60% 70% 80% 90% 100%  Solving Matrix... (11 sec)
  No.12/24 Freq = 1.35652174 (GHz):    Cells/Volumes/Unknowns: 534/0/782, SMSa: 50.06%
    Filling matrix:  0% 10% 20% 30% 40% 50% 60% 70% 80% 90% 100%  Solving Matrix... (12 sec)
  No.13/24 Freq = 1.44347826 (GHz):    Cells/Volumes/Unknowns: 534/0/782, SMSa: 50.06%
    Filling matrix:  0% 10% 20% 30% 40% 50% 60% 70% 80% 90% 100%  Solving Matrix... (13 sec)
  No.14/24 Freq = 1.53043478 (GHz):    Cells/Volumes/Unknowns: 534/0/782, SMSa: 50.06%
    Filling matrix:  0% 10% 20% 30% 40% 50% 60% 70% 80% 90% 100%  Solving Matrix... (13 sec)
  No.15/24 Freq = 1.6173913 (GHz):    Cells/Volumes/Unknowns: 534/0/782, SMSa: 50.06%
    Filling matrix:  0% 10% 20% 30% 40% 50% 60% 70% 80% 90% 100%  Solving Matrix... (14 sec)
  No.16/24 Freq = 1.70434783 (GHz):    Cells/Volumes/Unknowns: 534/0/782, SMSa: 50.06%
    Filling matrix:  0% 10% 20% 30% 40% 50% 60% 70% 80% 90% 100%  Solving Matrix... (15 sec)
  No.17/24 Freq = 1.79130435 (GHz):    Cells/Volumes/Unknowns: 534/0/782, SMSa: 50.06%
    Filling matrix:  0% 10% 20% 30% 40% 50% 60% 70% 80% 90% 100%  Solving Matrix... (16 sec)
  No.18/24 Freq = 1.87826087 (GHz):    Cells/Volumes/Unknowns: 534/0/782, SMSa: 50.06%
    Filling matrix:  0% 10% 20% 30% 40% 50% 60% 70% 80% 90% 100%  Solving Matrix... (17 sec)
  No.19/24 Freq = 1.96521739 (GHz):    Cells/Volumes/Unknowns: 534/0/782, SMSa: 50.06%
    Filling matrix:  0% 10% 20% 30% 40% 50% 60% 70% 80% 90% 100%  Solving Matrix... (18 sec)
  No.20/24 Freq = 2.05217391 (GHz):    Cells/Volumes/Unknowns: 534/0/782, SMSa: 50.06%
    Filling matrix:  0% 10% 20% 30% 40% 50% 60% 70% 80% 90% 100%  Solving Matrix... (19 sec)
  No.21/24 Freq = 2.13913043 (GHz):    Cells/Volumes/Unknowns: 534/0/782, SMSa: 50.06%
    Filling matrix:  0% 10% 20% 30% 40% 50% 60% 70% 80% 90% 100%  Solving Matrix... (20 sec)
  No.22/24 Freq = 2.22608696 (GHz):    Cells/Volumes/Unknowns: 534/0/782, SMSa: 50.06%
    Filling matrix:  0% 10% 20% 30% 40% 50% 60% 70% 80% 90% 100%  Solving Matrix... (21 sec)
  No.23/24 Freq = 2.31304348 (GHz):    Cells/Volumes/Unknowns: 534/0/782, SMSa: 50.06%
    Filling matrix:  0% 10% 20% 30% 40% 50% 60% 70% 80% 90% 100%  Solving Matrix... (22 sec)
  No.24/24 Freq = 2.4 (GHz):    Cells/Volumes/Unknowns: 534/0/782, SMSa: 50.06%
    Filling matrix:  0% 10% 20% 30% 40% 50% 60% 70% 80% 90% 100%  Solving Matrix... (23 sec)

 The simulation is finished at Fri Jan 22 19:41:03 2021 successfully!
 Total simulation time is 23 seconds.
 The s-parameter data is saved in: E:\BE PROJECT - 2\Practical Values geo files\output\700_1.sp
