
 ************************************************
 *                                              *
 *   IE3D Electromagnetic Simulator for Win32   *
 *             Special Flow Edition             *
 *                                              *
 *                 Version 12.28                *
 *                                              *
 *           Serial Number: 0000000000708           *
 *                                              *
 * (C)Copyright 1993-2007, Zeland Software, Inc.*
 *              All Rights Reserved             *
 *                                              *
 ************************************************

 Maximum allowed CPU usage number is 1


 This program is licensed to:
   Evaluators  

 Simulation geometry: E:\BE PROJECT - 2\Practical Values geo files\900_point07.geo
 The simulation started at: Mon Jan 25 12:35:52 2021

   Meshing Performed Using Classical Scheme with Parameters: 
   Fmax=2.6 GHz, Ncells=12, AEC=0, AEC Ratio=(0.1, 0.4), AEC Level=0
 
   Ports=1, Cells/Volumes/Unknowns=580/0/850, Min 6 MB RAM for SMSa
   FASTA Informaton: N/A

  No.1/25 Freq = 0.5 (GHz):    Cells/Volumes/Unknowns: 580/0/850, SMSa: 50.06%
    Filling matrix:  0% 10% 20% 30% 40% 50% 60% 70% 80% 90% 100%  Solving Matrix... (1 sec)
  No.2/25 Freq = 0.583333333 (GHz):    Cells/Volumes/Unknowns: 580/0/850, SMSa: 50.06%
    Filling matrix:  0% 10% 20% 30% 40% 50% 60% 70% 80% 90% 100%  Solving Matrix... (2 sec)
  No.3/25 Freq = 0.666666667 (GHz):    Cells/Volumes/Unknowns: 580/0/850, SMSa: 50.06%
    Filling matrix:  0% 10% 20% 30% 40% 50% 60% 70% 80% 90% 100%  Solving Matrix... (3 sec)
  No.4/25 Freq = 0.75 (GHz):    Cells/Volumes/Unknowns: 580/0/850, SMSa: 50.06%
    Filling matrix:  0% 10% 20% 30% 40% 50% 60% 70% 80% 90% 100%  Solving Matrix... (4 sec)
  No.5/25 Freq = 0.833333333 (GHz):    Cells/Volumes/Unknowns: 580/0/850, SMSa: 50.06%
    Filling matrix:  0% 10% 20% 30% 40% 50% 60% 70% 80% 90% 100%  Solving Matrix... (5 sec)
  No.6/25 Freq = 0.916666667 (GHz):    Cells/Volumes/Unknowns: 580/0/850, SMSa: 50.06%
    Filling matrix:  0% 10% 20% 30% 40% 50% 60% 70% 80% 90% 100%  Solving Matrix... (6 sec)
  No.7/25 Freq =   1 (GHz):    Cells/Volumes/Unknowns: 580/0/850, SMSa: 50.06%
    Filling matrix:  0% 10% 20% 30% 40% 50% 60% 70% 80% 90% 100%  Solving Matrix... (7 sec)
  No.8/25 Freq = 1.08333333 (GHz):    Cells/Volumes/Unknowns: 580/0/850, SMSa: 50.06%
    Filling matrix:  0% 10% 20% 30% 40% 50% 60% 70% 80% 90% 100%  Solving Matrix... (9 sec)
  No.9/25 Freq = 1.16666667 (GHz):    Cells/Volumes/Unknowns: 580/0/850, SMSa: 50.06%
    Filling matrix:  0% 10% 20% 30% 40% 50% 60% 70% 80% 90% 100%  Solving Matrix... (10 sec)
  No.10/25 Freq = 1.25 (GHz):    Cells/Volumes/Unknowns: 580/0/850, SMSa: 50.06%
    Filling matrix:  0% 10% 20% 30% 40% 50% 60% 70% 80% 90% 100%  Solving Matrix... (11 sec)
  No.11/25 Freq = 1.33333333 (GHz):    Cells/Volumes/Unknowns: 580/0/850, SMSa: 50.06%
    Filling matrix:  0% 10% 20% 30% 40% 50% 60% 70% 80% 90% 100%  Solving Matrix... (12 sec)
  No.12/25 Freq = 1.41666667 (GHz):    Cells/Volumes/Unknowns: 580/0/850, SMSa: 50.06%
    Filling matrix:  0% 10% 20% 30% 40% 50% 60% 70% 80% 90% 100%  Solving Matrix... (13 sec)
  No.13/25 Freq = 1.5 (GHz):    Cells/Volumes/Unknowns: 580/0/850, SMSa: 50.06%
    Filling matrix:  0% 10% 20% 30% 40% 50% 60% 70% 80% 90% 100%  Solving Matrix... (14 sec)
  No.14/25 Freq = 1.58333333 (GHz):    Cells/Volumes/Unknowns: 580/0/850, SMSa: 50.06%
    Filling matrix:  0% 10% 20% 30% 40% 50% 60% 70% 80% 90% 100%  Solving Matrix... (15 sec)
  No.15/25 Freq = 1.66666667 (GHz):    Cells/Volumes/Unknowns: 580/0/850, SMSa: 50.06%
    Filling matrix:  0% 10% 20% 30% 40% 50% 60% 70% 80% 90% 100%  Solving Matrix... (16 sec)
  No.16/25 Freq = 1.75 (GHz):    Cells/Volumes/Unknowns: 580/0/850, SMSa: 50.06%
    Filling matrix:  0% 10% 20% 30% 40% 50% 60% 70% 80% 90% 100%  Solving Matrix... (17 sec)
  No.17/25 Freq = 1.83333333 (GHz):    Cells/Volumes/Unknowns: 580/0/850, SMSa: 50.06%
    Filling matrix:  0% 10% 20% 30% 40% 50% 60% 70% 80% 90% 100%  Solving Matrix... (18 sec)
  No.18/25 Freq = 1.91666667 (GHz):    Cells/Volumes/Unknowns: 580/0/850, SMSa: 50.06%
    Filling matrix:  0% 10% 20% 30% 40% 50% 60% 70% 80% 90% 100%  Solving Matrix... (19 sec)
  No.19/25 Freq =   2 (GHz):    Cells/Volumes/Unknowns: 580/0/850, SMSa: 50.06%
    Filling matrix:  0% 10% 20% 30% 40% 50% 60% 70% 80% 90% 100%  Solving Matrix... (20 sec)
  No.20/25 Freq = 2.08333333 (GHz):    Cells/Volumes/Unknowns: 580/0/850, SMSa: 50.06%
    Filling matrix:  0% 10% 20% 30% 40% 50% 60% 70% 80% 90% 100%  Solving Matrix... (21 sec)
  No.21/25 Freq = 2.16666667 (GHz):    Cells/Volumes/Unknowns: 580/0/850, SMSa: 50.06%
    Filling matrix:  0% 10% 20% 30% 40% 50% 60% 70% 80% 90% 100%  Solving Matrix... (22 sec)
  No.22/25 Freq = 2.25 (GHz):    Cells/Volumes/Unknowns: 580/0/850, SMSa: 50.06%
    Filling matrix:  0% 10% 20% 30% 40% 50% 60% 70% 80% 90% 100%  Solving Matrix... (24 sec)
  No.23/25 Freq = 2.33333333 (GHz):    Cells/Volumes/Unknowns: 580/0/850, SMSa: 50.06%
    Filling matrix:  0% 10% 20% 30% 40% 50% 60% 70% 80% 90% 100%  Solving Matrix... (25 sec)
  No.24/25 Freq = 2.41666667 (GHz):    Cells/Volumes/Unknowns: 580/0/850, SMSa: 50.06%
    Filling matrix:  0% 10% 20% 30% 40% 50% 60% 70% 80% 90% 100%  Solving Matrix... (26 sec)
  No.25/25 Freq = 2.5 (GHz):    Cells/Volumes/Unknowns: 580/0/850, SMSa: 50.06%
    Filling matrix:  0% 10% 20% 30% 40% 50% 60% 70% 80% 90% 100%  Solving Matrix... (27 sec)

 The simulation is finished at Mon Jan 25 12:36:19 2021 successfully!
 Total simulation time is 27 seconds.
 The s-parameter data is saved in: E:\BE PROJECT - 2\Practical Values geo files\output\900_point07.sp
