
 ************************************************
 *                                              *
 *   IE3D Electromagnetic Simulator for Win32   *
 *             Special Flow Edition             *
 *                                              *
 *                 Version 12.28                *
 *                                              *
 *           Serial Number: 0000000000708           *
 *                                              *
 * (C)Copyright 1993-2007, Zeland Software, Inc.*
 *              All Rights Reserved             *
 *                                              *
 ************************************************

 Maximum allowed CPU usage number is 1


 This program is licensed to:
   Evaluators  

 Simulation geometry: E:\BE PROJECT - 2\Half Patch E-CMSA\Practical Values geo files\900_point07_improved.geo
 The simulation started at: Thu Apr 22 18:00:09 2021

   Meshing Performed Using Classical Scheme with Parameters: 
   Fmax=2.6 GHz, Ncells=12, AEC=0, AEC Ratio=(0.1, 0.4), AEC Level=0
 
   Ports=1, Cells/Volumes/Unknowns=585/0/858, Min 6 MB RAM for SMSa
   FASTA Informaton: N/A

  No.1/21 Freq = 0.7 (GHz):    Cells/Volumes/Unknowns: 585/0/858, SMSa: 50.06%
    Filling matrix:  0% 10% 20% 30% 40% 50% 60% 70% 80% 90% 100%  Solving Matrix... (1 sec)
  No.2/21 Freq = 1.2 (GHz):    Cells/Volumes/Unknowns: 585/0/858, SMSa: 50.06%
    Filling matrix:  0% 10% 20% 30% 40% 50% 60% 70% 80% 90% 100%  Solving Matrix... (2 sec)
  No.3/21 Freq = 0.95 (GHz):    Cells/Volumes/Unknowns: 585/0/858, SMSa: 50.06%
    Filling matrix:  0% 10% 20% 30% 40% 50% 60% 70% 80% 90% 100%  Solving Matrix... (4 sec)
  No.4/21 Freq = 0.825 (GHz):    Cells/Volumes/Unknowns: 585/0/858, SMSa: 50.06%
    Filling matrix:  0% 10% 20% 30% 40% 50% 60% 70% 80% 90% 100%  Solving Matrix... (5 sec)
    Large Value Max Residual = 0.905873 (0.005) at 0.85 GHz
  No.5/21 Freq = 0.875 (GHz):    Cells/Volumes/Unknowns: 585/0/858, SMSa: 50.06%
    Filling matrix:  0% 10% 20% 30% 40% 50% 60% 70% 80% 90% 100%  Solving Matrix... (6 sec)
    Large Value Max Residual = 0.45454 (0.005) at 1.025 GHz
  No.6/21 Freq = 1.025 (GHz):    Cells/Volumes/Unknowns: 585/0/858, SMSa: 50.06%
    Filling matrix:  0% 10% 20% 30% 40% 50% 60% 70% 80% 90% 100%  Solving Matrix... (7 sec)
    Large Value Max Residual = 0.247749 (0.005) at 1 GHz
  No.7/21 Freq = 0.775 (GHz):    Cells/Volumes/Unknowns: 585/0/858, SMSa: 50.06%
    Filling matrix:  0% 10% 20% 30% 40% 50% 60% 70% 80% 90% 100%  Solving Matrix... (8 sec)
    Large Value Max Residual = 0.0496775 (0.005) at 0.75 GHz
  No.8/21 Freq = 0.85 (GHz):    Cells/Volumes/Unknowns: 585/0/858, SMSa: 50.06%
    Filling matrix:  0% 10% 20% 30% 40% 50% 60% 70% 80% 90% 100%  Solving Matrix... (9 sec)

 The simulation is finished at Thu Apr 22 18:00:19 2021 successfully!
 Total simulation time is 10 seconds.
 The s-parameter data is saved in: E:\BE PROJECT - 2\Half Patch E-CMSA\Practical Values geo files\output\900_point07_improved.sp
