
 ************************************************
 *                                              *
 *   IE3D Electromagnetic Simulator for Win32   *
 *             Special Flow Edition             *
 *                                              *
 *                 Version 12.28                *
 *                                              *
 *           Serial Number: 0000000000708           *
 *                                              *
 * (C)Copyright 1993-2007, Zeland Software, Inc.*
 *              All Rights Reserved             *
 *                                              *
 ************************************************

 Maximum allowed CPU usage number is 1


 This program is licensed to:
   Evaluators  

 Simulation geometry: E:\BE PROJECT - 2\U-CMSA\Practical Values\1500_2.geo
 The simulation started at: Thu Apr 22 19:13:20 2021

   Meshing Performed Using Classical Scheme with Parameters: 
   Fmax=3 GHz, Ncells=10, AEC=0, AEC Ratio=(0.1, 0.4), AEC Level=0
 
   Ports=1, Cells/Volumes/Unknowns=317/0/453, Min 2 MB RAM for SMSa
   FASTA Informaton: N/A

  No.1/21 Freq = 1.3 (GHz):    Cells/Volumes/Unknowns: 317/0/453, SMSa: 50.11%
    Filling matrix:  0% 10% 20% 30% 40% 50% 60% 70% 80% 90% 100%  Solving Matrix... (0 sec)
  No.2/21 Freq = 2.1 (GHz):    Cells/Volumes/Unknowns: 317/0/453, SMSa: 50.11%
    Filling matrix:  0% 10% 20% 30% 40% 50% 60% 70% 80% 90% 100%  Solving Matrix... (1 sec)
  No.3/21 Freq = 1.7 (GHz):    Cells/Volumes/Unknowns: 317/0/453, SMSa: 50.11%
    Filling matrix:  0% 10% 20% 30% 40% 50% 60% 70% 80% 90% 100%  Solving Matrix... (1 sec)
  No.4/21 Freq = 1.5 (GHz):    Cells/Volumes/Unknowns: 317/0/453, SMSa: 50.11%
    Filling matrix:  0% 10% 20% 30% 40% 50% 60% 70% 80% 90% 100%  Solving Matrix... (2 sec)
    Large Value Max Residual = 0.61548 (0.005) at 1.46 GHz
    Small Value Max Residual = 9.82337 (0.2) at 1.66 GHz
  No.5/21 Freq = 1.42 (GHz):    Cells/Volumes/Unknowns: 317/0/453, SMSa: 50.11%
    Filling matrix:  0% 10% 20% 30% 40% 50% 60% 70% 80% 90% 100%  Solving Matrix... (2 sec)
    Large Value Max Residual = 0.263795 (0.005) at 1.86 GHz
  No.6/21 Freq = 1.86 (GHz):    Cells/Volumes/Unknowns: 317/0/453, SMSa: 50.11%
    Filling matrix:  0% 10% 20% 30% 40% 50% 60% 70% 80% 90% 100%  Solving Matrix... (3 sec)
    Large Value Max Residual = 0.694353 (0.005) at 1.82 GHz
  No.7/21 Freq = 1.78 (GHz):    Cells/Volumes/Unknowns: 317/0/453, SMSa: 50.11%
    Filling matrix:  0% 10% 20% 30% 40% 50% 60% 70% 80% 90% 100%  Solving Matrix... (3 sec)
    Large Value Max Residual = 0.0316633 (0.005) at 1.98 GHz
    Small Value Max Residual = 2.59707 (0.2) at 1.74 GHz
  No.8/21 Freq = 1.74 (GHz):    Cells/Volumes/Unknowns: 317/0/453, SMSa: 50.11%
    Filling matrix:  0% 10% 20% 30% 40% 50% 60% 70% 80% 90% 100%  Solving Matrix... (4 sec)

 The simulation is finished at Thu Apr 22 19:13:24 2021 successfully!
 Total simulation time is 4 seconds.
 The s-parameter data is saved in: E:\BE PROJECT - 2\U-CMSA\Practical Values\output\1500_2.sp
