
 ************************************************
 *                                              *
 *   IE3D Electromagnetic Simulator for Win32   *
 *             Special Flow Edition             *
 *                                              *
 *                 Version 12.28                *
 *                                              *
 *           Serial Number: 0000000000708           *
 *                                              *
 * (C)Copyright 1993-2007, Zeland Software, Inc.*
 *              All Rights Reserved             *
 *                                              *
 ************************************************

 Maximum allowed CPU usage number is 1


 This program is licensed to:
   Evaluators  

 Simulation geometry: E:\BE PROJECT - 2\U-Slot Training and Testing\Practical Values\1500_1.geo
 The simulation started at: Tue Feb 09 14:53:29 2021

   Meshing Performed Using Classical Scheme with Parameters: 
   Fmax=3.2 GHz, Ncells=10, AEC=0, AEC Ratio=(0.1, 0.4), AEC Level=0
 
   Ports=1, Cells/Volumes/Unknowns=368/0/530, Min 2 MB RAM for SMSa
   FASTA Informaton: N/A

  No.1/21 Freq = 0.8 (GHz):    Cells/Volumes/Unknowns: 368/0/530, SMSa: 50.09%
    Filling matrix:  0% 10% 20% 30% 40% 50% 60% 70% 80% 90% 100%  Solving Matrix... (1 sec)
  No.2/21 Freq = 0.915 (GHz):    Cells/Volumes/Unknowns: 368/0/530, SMSa: 50.09%
    Filling matrix:  0% 10% 20% 30% 40% 50% 60% 70% 80% 90% 100%  Solving Matrix... (1 sec)
  No.3/21 Freq = 1.03 (GHz):    Cells/Volumes/Unknowns: 368/0/530, SMSa: 50.09%
    Filling matrix:  0% 10% 20% 30% 40% 50% 60% 70% 80% 90% 100%  Solving Matrix... (2 sec)
  No.4/21 Freq = 1.145 (GHz):    Cells/Volumes/Unknowns: 368/0/530, SMSa: 50.09%
    Filling matrix:  0% 10% 20% 30% 40% 50% 60% 70% 80% 90% 100%  Solving Matrix... (3 sec)
  No.5/21 Freq = 1.26 (GHz):    Cells/Volumes/Unknowns: 368/0/530, SMSa: 50.09%
    Filling matrix:  0% 10% 20% 30% 40% 50% 60% 70% 80% 90% 100%  Solving Matrix... (3 sec)
  No.6/21 Freq = 1.375 (GHz):    Cells/Volumes/Unknowns: 368/0/530, SMSa: 50.09%
    Filling matrix:  0% 10% 20% 30% 40% 50% 60% 70% 80% 90% 100%  Solving Matrix... (4 sec)
  No.7/21 Freq = 1.49 (GHz):    Cells/Volumes/Unknowns: 368/0/530, SMSa: 50.09%
    Filling matrix:  0% 10% 20% 30% 40% 50% 60% 70% 80% 90% 100%  Solving Matrix... (4 sec)
  No.8/21 Freq = 1.605 (GHz):    Cells/Volumes/Unknowns: 368/0/530, SMSa: 50.09%
    Filling matrix:  0% 10% 20% 30% 40% 50% 60% 70% 80% 90% 100%  Solving Matrix... (5 sec)
  No.9/21 Freq = 1.72 (GHz):    Cells/Volumes/Unknowns: 368/0/530, SMSa: 50.09%
    Filling matrix:  0% 10% 20% 30% 40% 50% 60% 70% 80% 90% 100%  Solving Matrix... (5 sec)
  No.10/21 Freq = 1.835 (GHz):    Cells/Volumes/Unknowns: 368/0/530, SMSa: 50.09%
    Filling matrix:  0% 10% 20% 30% 40% 50% 60% 70% 80% 90% 100%  Solving Matrix... (6 sec)
  No.11/21 Freq = 1.95 (GHz):    Cells/Volumes/Unknowns: 368/0/530, SMSa: 50.09%
    Filling matrix:  0% 10% 20% 30% 40% 50% 60% 70% 80% 90% 100%  Solving Matrix... (7 sec)
  No.12/21 Freq = 2.065 (GHz):    Cells/Volumes/Unknowns: 368/0/530, SMSa: 50.09%
    Filling matrix:  0% 10% 20% 30% 40% 50% 60% 70% 80% 90% 100%  Solving Matrix... (7 sec)
  No.13/21 Freq = 2.18 (GHz):    Cells/Volumes/Unknowns: 368/0/530, SMSa: 50.09%
    Filling matrix:  0% 10% 20% 30% 40% 50% 60% 70% 80% 90% 100%  Solving Matrix... (8 sec)
  No.14/21 Freq = 2.295 (GHz):    Cells/Volumes/Unknowns: 368/0/530, SMSa: 50.09%
    Filling matrix:  0% 10% 20% 30% 40% 50% 60% 70% 80% 90% 100%  Solving Matrix... (8 sec)
  No.15/21 Freq = 2.41 (GHz):    Cells/Volumes/Unknowns: 368/0/530, SMSa: 50.09%
    Filling matrix:  0% 10% 20% 30% 40% 50% 60% 70% 80% 90% 100%  Solving Matrix... (9 sec)
  No.16/21 Freq = 2.525 (GHz):    Cells/Volumes/Unknowns: 368/0/530, SMSa: 50.09%
    Filling matrix:  0% 10% 20% 30% 40% 50% 60% 70% 80% 90% 100%  Solving Matrix... (10 sec)
  No.17/21 Freq = 2.64 (GHz):    Cells/Volumes/Unknowns: 368/0/530, SMSa: 50.09%
    Filling matrix:  0% 10% 20% 30% 40% 50% 60% 70% 80% 90% 100%  Solving Matrix... (10 sec)
  No.18/21 Freq = 2.755 (GHz):    Cells/Volumes/Unknowns: 368/0/530, SMSa: 50.09%
    Filling matrix:  0% 10% 20% 30% 40% 50% 60% 70% 80% 90% 100%  Solving Matrix... (11 sec)
  No.19/21 Freq = 2.87 (GHz):    Cells/Volumes/Unknowns: 368/0/530, SMSa: 50.09%
    Filling matrix:  0% 10% 20% 30% 40% 50% 60% 70% 80% 90% 100%  Solving Matrix... (11 sec)
  No.20/21 Freq = 2.985 (GHz):    Cells/Volumes/Unknowns: 368/0/530, SMSa: 50.09%
    Filling matrix:  0% 10% 20% 30% 40% 50% 60% 70% 80% 90% 100%  Solving Matrix... (12 sec)
  No.21/21 Freq = 3.1 (GHz):    Cells/Volumes/Unknowns: 368/0/530, SMSa: 50.09%
    Filling matrix:  0% 10% 20% 30% 40% 50% 60% 70% 80% 90% 100%  Solving Matrix... (12 sec)

 The simulation is finished at Tue Feb 09 14:53:41 2021 successfully!
 Total simulation time is 12 seconds.
 The s-parameter data is saved in: E:\BE PROJECT - 2\U-Slot Training and Testing\Practical Values\output\1500_1.sp
