
 ************************************************
 *                                              *
 *   IE3D Electromagnetic Simulator for Win32   *
 *             Special Flow Edition             *
 *                                              *
 *                 Version 12.28                *
 *                                              *
 *           Serial Number: 0000000000708           *
 *                                              *
 * (C)Copyright 1993-2007, Zeland Software, Inc.*
 *              All Rights Reserved             *
 *                                              *
 ************************************************

 Maximum allowed CPU usage number is 1


 This program is licensed to:
   Evaluators  

 Simulation geometry: E:\BE PROJECT - 2\U-Slot Training and Testing\Practical Values\1500_3.geo
 The simulation started at: Tue Feb 09 14:59:49 2021

   Meshing Performed Using Classical Scheme with Parameters: 
   Fmax=3.2 GHz, Ncells=10, AEC=0, AEC Ratio=(0.1, 0.4), AEC Level=0
 
   Ports=1, Cells/Volumes/Unknowns=332/0/476, Min 2 MB RAM for SMSa
   FASTA Informaton: N/A

  No.1/20 Freq = 0.8 (GHz):    Cells/Volumes/Unknowns: 332/0/476, SMSa: 50.11%
    Filling matrix:  0% 10% 20% 30% 40% 50% 60% 70% 80% 90% 100%  Solving Matrix... (1 sec)
  No.2/20 Freq = 0.915 (GHz):    Cells/Volumes/Unknowns: 332/0/476, SMSa: 50.11%
    Filling matrix:  0% 10% 20% 30% 40% 50% 60% 70% 80% 90% 100%  Solving Matrix... (1 sec)
  No.3/20 Freq = 1.03 (GHz):    Cells/Volumes/Unknowns: 332/0/476, SMSa: 50.11%
    Filling matrix:  0% 10% 20% 30% 40% 50% 60% 70% 80% 90% 100%  Solving Matrix... (2 sec)
  No.4/20 Freq = 1.145 (GHz):    Cells/Volumes/Unknowns: 332/0/476, SMSa: 50.11%
    Filling matrix:  0% 10% 20% 30% 40% 50% 60% 70% 80% 90% 100%  Solving Matrix... (2 sec)
  No.5/20 Freq = 1.26 (GHz):    Cells/Volumes/Unknowns: 332/0/476, SMSa: 50.11%
    Filling matrix:  0% 10% 20% 30% 40% 50% 60% 70% 80% 90% 100%  Solving Matrix... (3 sec)
  No.6/20 Freq = 1.375 (GHz):    Cells/Volumes/Unknowns: 332/0/476, SMSa: 50.11%
    Filling matrix:  0% 10% 20% 30% 40% 50% 60% 70% 80% 90% 100%  Solving Matrix... (3 sec)
  No.7/20 Freq = 1.49 (GHz):    Cells/Volumes/Unknowns: 332/0/476, SMSa: 50.11%
    Filling matrix:  0% 10% 20% 30% 40% 50% 60% 70% 80% 90% 100%  Solving Matrix... (4 sec)
  No.8/20 Freq = 1.605 (GHz):    Cells/Volumes/Unknowns: 332/0/476, SMSa: 50.11%
    Filling matrix:  0% 10% 20% 30% 40% 50% 60% 70% 80% 90% 100%  Solving Matrix... (4 sec)
  No.9/20 Freq = 1.72 (GHz):    Cells/Volumes/Unknowns: 332/0/476, SMSa: 50.11%
    Filling matrix:  0% 10% 20% 30% 40% 50% 60% 70% 80% 90% 100%  Solving Matrix... (5 sec)
  No.10/20 Freq = 1.835 (GHz):    Cells/Volumes/Unknowns: 332/0/476, SMSa: 50.11%
    Filling matrix:  0% 10% 20% 30% 40% 50% 60% 70% 80% 90% 100%  Solving Matrix... (5 sec)
  No.11/20 Freq = 1.95 (GHz):    Cells/Volumes/Unknowns: 332/0/476, SMSa: 50.11%
    Filling matrix:  0% 10% 20% 30% 40% 50% 60% 70% 80% 90% 100%  Solving Matrix... (6 sec)
  No.12/20 Freq = 2.065 (GHz):    Cells/Volumes/Unknowns: 332/0/476, SMSa: 50.11%
    Filling matrix:  0% 10% 20% 30% 40% 50% 60% 70% 80% 90% 100%  Solving Matrix... (6 sec)
  No.13/20 Freq = 2.18 (GHz):    Cells/Volumes/Unknowns: 332/0/476, SMSa: 50.11%
    Filling matrix:  0% 10% 20% 30% 40% 50% 60% 70% 80% 90% 100%  Solving Matrix... (7 sec)
  No.14/20 Freq = 2.295 (GHz):    Cells/Volumes/Unknowns: 332/0/476, SMSa: 50.11%
    Filling matrix:  0% 10% 20% 30% 40% 50% 60% 70% 80% 90% 100%  Solving Matrix... (7 sec)
  No.15/20 Freq = 2.41 (GHz):    Cells/Volumes/Unknowns: 332/0/476, SMSa: 50.11%
    Filling matrix:  0% 10% 20% 30% 40% 50% 60% 70% 80% 90% 100%  Solving Matrix... (8 sec)
  No.16/20 Freq = 2.525 (GHz):    Cells/Volumes/Unknowns: 332/0/476, SMSa: 50.11%
    Filling matrix:  0% 10% 20% 30% 40% 50% 60% 70% 80% 90% 100%  Solving Matrix... (8 sec)
  No.17/20 Freq = 2.64 (GHz):    Cells/Volumes/Unknowns: 332/0/476, SMSa: 50.11%
    Filling matrix:  0% 10% 20% 30% 40% 50% 60% 70% 80% 90% 100%  Solving Matrix... (9 sec)
  No.18/20 Freq = 2.755 (GHz):    Cells/Volumes/Unknowns: 332/0/476, SMSa: 50.11%
    Filling matrix:  0% 10% 20% 30% 40% 50% 60% 70% 80% 90% 100%  Solving Matrix... (9 sec)
  No.19/20 Freq = 2.87 (GHz):    Cells/Volumes/Unknowns: 332/0/476, SMSa: 50.11%
    Filling matrix:  0% 10% 20% 30% 40% 50% 60% 70% 80% 90% 100%  Solving Matrix... (10 sec)
  No.20/20 Freq = 2.985 (GHz):    Cells/Volumes/Unknowns: 332/0/476, SMSa: 50.11%
    Filling matrix:  0% 10% 20% 30% 40% 50% 60% 70% 80% 90% 100%  Solving Matrix... (10 sec)

 The simulation is finished at Tue Feb 09 14:59:59 2021 successfully!
 Total simulation time is 10 seconds.
 The s-parameter data is saved in: E:\BE PROJECT - 2\U-Slot Training and Testing\Practical Values\output\1500_3.sp
