
 ************************************************
 *                                              *
 *   IE3D Electromagnetic Simulator for Win32   *
 *             Special Flow Edition             *
 *                                              *
 *                 Version 12.28                *
 *                                              *
 *           Serial Number: 0000000000708           *
 *                                              *
 * (C)Copyright 1993-2007, Zeland Software, Inc.*
 *              All Rights Reserved             *
 *                                              *
 ************************************************

 Maximum allowed CPU usage number is 1


 This program is licensed to:
   Evaluators  

 Simulation geometry: E:\BE PROJECT - 2\U-Slot Training and Testing\Practical Values\2100_3.geo
 The simulation started at: Tue Feb 09 20:11:10 2021

   Meshing Performed Using Classical Scheme with Parameters: 
   Fmax=3.2 GHz, Ncells=10, AEC=0, AEC Ratio=(0.1, 0.4), AEC Level=0
 
   Ports=1, Cells/Volumes/Unknowns=196/0/285, Min 1 MB RAM for SMSa
   FASTA Informaton: N/A

  No.1/21 Freq = 1.2 (GHz):    Cells/Volumes/Unknowns: 196/0/285, SMSa: 50.18%
    Filling matrix:  0% 10% 20% 30% 40% 50% 60% 70% 80% 90% 100%  Solving Matrix... (1 sec)
  No.2/21 Freq = 1.3 (GHz):    Cells/Volumes/Unknowns: 196/0/285, SMSa: 50.18%
    Filling matrix:  0% 10% 20% 30% 40% 50% 60% 70% 80% 90% 100%  Solving Matrix... (1 sec)
  No.3/21 Freq = 1.4 (GHz):    Cells/Volumes/Unknowns: 196/0/285, SMSa: 50.18%
    Filling matrix:  0% 10% 20% 30% 40% 50% 60% 70% 80% 90% 100%  Solving Matrix... (1 sec)
  No.4/21 Freq = 1.5 (GHz):    Cells/Volumes/Unknowns: 196/0/285, SMSa: 50.18%
    Filling matrix:  0% 10% 20% 30% 40% 50% 60% 70% 80% 90% 100%  Solving Matrix... (2 sec)
  No.5/21 Freq = 1.6 (GHz):    Cells/Volumes/Unknowns: 196/0/285, SMSa: 50.18%
    Filling matrix:  0% 10% 20% 30% 40% 50% 60% 70% 80% 90% 100%  Solving Matrix... (2 sec)
  No.6/21 Freq = 1.7 (GHz):    Cells/Volumes/Unknowns: 196/0/285, SMSa: 50.18%
    Filling matrix:  0% 10% 20% 30% 40% 50% 60% 70% 80% 90% 100%  Solving Matrix... (2 sec)
  No.7/21 Freq = 1.8 (GHz):    Cells/Volumes/Unknowns: 196/0/285, SMSa: 50.18%
    Filling matrix:  0% 10% 20% 30% 40% 50% 60% 70% 80% 90% 100%  Solving Matrix... (2 sec)
  No.8/21 Freq = 1.9 (GHz):    Cells/Volumes/Unknowns: 196/0/285, SMSa: 50.18%
    Filling matrix:  0% 10% 20% 30% 40% 50% 60% 70% 80% 90% 100%  Solving Matrix... (3 sec)
  No.9/21 Freq =   2 (GHz):    Cells/Volumes/Unknowns: 196/0/285, SMSa: 50.18%
    Filling matrix:  0% 10% 20% 30% 40% 50% 60% 70% 80% 90% 100%  Solving Matrix... (3 sec)
  No.10/21 Freq = 2.1 (GHz):    Cells/Volumes/Unknowns: 196/0/285, SMSa: 50.18%
    Filling matrix:  0% 10% 20% 30% 40% 50% 60% 70% 80% 90% 100%  Solving Matrix... (3 sec)
  No.11/21 Freq = 2.2 (GHz):    Cells/Volumes/Unknowns: 196/0/285, SMSa: 50.18%
    Filling matrix:  0% 10% 20% 30% 40% 50% 60% 70% 80% 90% 100%  Solving Matrix... (4 sec)
  No.12/21 Freq = 2.3 (GHz):    Cells/Volumes/Unknowns: 196/0/285, SMSa: 50.18%
    Filling matrix:  0% 10% 20% 30% 40% 50% 60% 70% 80% 90% 100%  Solving Matrix... (4 sec)
  No.13/21 Freq = 2.4 (GHz):    Cells/Volumes/Unknowns: 196/0/285, SMSa: 50.18%
    Filling matrix:  0% 10% 20% 30% 40% 50% 60% 70% 80%