
 ************************************************
 *                                              *
 *   IE3D Electromagnetic Simulator for Win32   *
 *             Special Flow Edition             *
 *                                              *
 *                 Version 12.28                *
 *                                              *
 *           Serial Number: 0000000000708           *
 *                                              *
 * (C)Copyright 1993-2007, Zeland Software, Inc.*
 *              All Rights Reserved             *
 *                                              *
 ************************************************

 Maximum allowed CPU usage number is 1


 This program is licensed to:
   Evaluators  

 Simulation geometry: E:\BE PROJECT - 2\U-CMSA\Practical Values\4300_1.geo
 The simulation started at: Thu Feb 11 12:32:10 2021

   Meshing Performed Using Classical Scheme with Parameters: 
   Fmax=6.1 GHz, Ncells=10, AEC=0, AEC Ratio=(0.1, 0.4), AEC Level=0
 
   Ports=1, Cells/Volumes/Unknowns=171/0/245, Min 1 MB RAM for SMSa
   FASTA Informaton: N/A

  No.1/21 Freq =   3 (GHz):    Cells/Volumes/Unknowns: 171/0/245, SMSa: 50.20%
    Filling matrix:  0% 10% 20% 30% 40% 50% 60% 70% 80% 90% 100%  Solving Matrix... (1 sec)
  No.2/21 Freq = 3.155 (GHz):    Cells/Volumes/Unknowns: 171/0/245, SMSa: 50.20%
    Filling matrix:  0% 10% 20% 30% 40% 50% 60% 70% 80% 90% 100%  Solving Matrix... (2 sec)
  No.3/21 Freq = 3.31 (GHz):    Cells/Volumes/Unknowns: 171/0/245, SMSa: 50.20%
    Filling matrix:  0% 10% 20% 30% 40% 50% 60% 70% 80% 90% 100%  Solving Matrix... (3 sec)
  No.4/21 Freq = 3.465 (GHz):    Cells/Volumes/Unknowns: 171/0/245, SMSa: 50.20%
    Filling matrix:  0% 10% 20% 30% 40% 50% 60% 70% 80% 90% 100%  Solving Matrix... (4 sec)
  No.5/21 Freq = 3.62 (GHz):    Cells/Volumes/Unknowns: 171/0/245, SMSa: 50.20%
    Filling matrix:  0% 10% 20% 30% 40% 50% 60% 70% 80% 90% 100%  Solving Matrix... (4 sec)
  No.6/21 Freq = 3.775 (GHz):    Cells/Volumes/Unknowns: 171/0/245, SMSa: 50.20%
    Filling matrix:  0% 10% 20% 30% 40% 50% 60% 70% 80% 90% 100%  Solving Matrix... (5 sec)
  No.7/21 Freq = 3.93 (GHz):    Cells/Volumes/Unknowns: 171/0/245, SMSa: 50.20%
    Filling matrix:  0% 10% 20% 30% 40% 50% 60% 70% 80% 90% 100%  Solving Matrix... (6 sec)
  No.8/21 Freq = 4.085 (GHz):    Cells/Volumes/Unknowns: 171/0/245, SMSa: 50.20%
    Filling matrix:  0% 10% 20% 30% 40% 50% 60% 70% 80% 90% 100%  Solving Matrix... (6 sec)
  No.9/21 Freq = 4.24 (GHz):    Cells/Volumes/Unknowns: 171/0/245, SMSa: 50.20%
    Filling matrix:  0% 10% 20% 30% 40% 50% 60% 70% 80% 90% 100%  Solving Matrix... (7 sec)
  No.10/21 Freq = 4.395 (GHz):    Cells/Volumes/Unknowns: 171/0/245, SMSa: 50.20%
    Filling matrix:  0% 10% 20% 30% 40% 50% 60% 70% 80% 90% 100%  Solving Matrix... (7 sec)
  No.11/21 Freq = 4.55 (GHz):    Cells/Volumes/Unknowns: 171/0/245, SMSa: 50.20%
    Filling matrix:  0% 10% 20% 30% 40% 50% 60% 70% 80% 90% 100%  Solving Matrix... (8 sec)
  No.12/21 Freq = 4.705 (GHz):    Cells/Volumes/Unknowns: 171/0/245, SMSa: 50.20%
    Filling matrix:  0% 10% 20% 30% 40% 50% 60% 70% 80% 90% 100%  Solving Matrix... (9 sec)
  No.13/21 Freq = 4.86 (GHz):    Cells/Volumes/Unknowns: 171/0/245, SMSa: 50.20%
    Filling matrix:  0% 10% 20% 30% 40% 50% 60% 70% 80% 90% 100%  Solving Matrix... (10 sec)
  No.14/21 Freq = 5.015 (GHz):    Cells/Volumes/Unknowns: 171/0/245, SMSa: 50.20%
    Filling matrix:  0% 10% 20% 30% 40% 50% 60% 70% 80% 90% 100%  Solving Matrix... (11 sec)
  No.15/21 Freq = 5.17 (GHz):    Cells/Volumes/Unknowns: 171/0/245, SMSa: 50.20%
    Filling matrix:  0% 10% 20% 30% 40% 50% 60% 70% 80% 90% 100%  Solving Matrix... (11 sec)
  No.16/21 Freq = 5.325 (GHz):    Cells/Volumes/Unknowns: 171/0/245, SMSa: 50.20%
    Filling matrix:  0% 10% 20% 30% 40% 50% 60% 70% 80% 90% 100%  Solving Matrix... (12 sec)
  No.17/21 Freq = 5.48 (GHz):    Cells/Volumes/Unknowns: 171/0/245, SMSa: 50.20%
    Filling matrix:  0% 10% 20% 30% 40% 50% 60% 70% 80% 90% 100%  Solving Matrix... (12 sec)
  No.18/21 Freq = 5.635 (GHz):    Cells/Volumes/Unknowns: 171/0/245, SMSa: 50.20%
    Filling matrix:  0% 10% 20% 30% 40% 50% 60% 70% 80% 90% 100%  Solving Matrix... (13 sec)
  No.19/21 Freq = 5.79 (GHz):    Cells/Volumes/Unknowns: 171/0/245, SMSa: 50.20%
    Filling matrix:  0% 10% 20% 30% 40% 50% 60% 70% 80% 90% 100%  Solving Matrix... (14 sec)
  No.20/21 Freq = 5.945 (GHz):    Cells/Volumes/Unknowns: 171/0/245, SMSa: 50.20%
    Filling matrix:  0% 10% 20% 30% 40% 50% 60% 70% 80% 90% 100%  Solving Matrix... (14 sec)
  No.21/21 Freq = 6.1 (GHz):    Cells/Volumes/Unknowns: 171/0/245, SMSa: 50.20%
    Filling matrix:  0% 10% 20% 30% 40% 50% 60% 70% 80% 90% 100%  Solving Matrix... (15 sec)

 The simulation is finished at Thu Feb 11 12:32:25 2021 successfully!
 Total simulation time is 15 seconds.
 The s-parameter data is saved in: E:\BE PROJECT - 2\U-CMSA\Practical Values\output\4300_1.sp
