
 ************************************************
 *                                              *
 *   IE3D Electromagnetic Simulator for Win32   *
 *             Special Flow Edition             *
 *                                              *
 *                 Version 12.28                *
 *                                              *
 *           Serial Number: 0000000000708           *
 *                                              *
 * (C)Copyright 1993-2007, Zeland Software, Inc.*
 *              All Rights Reserved             *
 *                                              *
 ************************************************

 Maximum allowed CPU usage number is 1


 This program is licensed to:
   Evaluators  

 Simulation geometry: E:\BE PROJECT - 2\U-Slot Training and Testing\Practical Values\700_2_improved.geo
 The simulation started at: Mon Feb 08 13:37:29 2021

   Meshing Performed Using Classical Scheme with Parameters: 
   Fmax=2.3 GHz, Ncells=10, AEC=0, AEC Ratio=(0.1, 0.4), AEC Level=0
 
   Ports=1, Cells/Volumes/Unknowns=714/0/1042, Min 9 MB RAM for SMSa
   FASTA Informaton: N/A

  No.1/20 Freq = 0.3 (GHz):    Cells/Volumes/Unknowns: 714/0/1042, SMSa: 50.05%
    Filling matrix:  0% 10% 20% 30% 40% 50% 60% 70% 80% 90% 100%  Solving Matrix... (2 sec)
  No.2/20 Freq = 0.405 (GHz):    Cells/Volumes/Unknowns: 714/0/1042, SMSa: 50.05%
    Filling matrix:  0% 10% 20% 30% 40% 50% 60% 70% 80% 90% 100%  Solving Matrix... (3 sec)
  No.3/20 Freq = 0.51 (GHz):    Cells/Volumes/Unknowns: 714/0/1042, SMSa: 50.05%
    Filling matrix:  0% 10% 20% 30% 40% 50% 60% 70% 80% 90% 100%  Solving Matrix... (5 sec)
  No.4/20 Freq = 0.615 (GHz):    Cells/Volumes/Unknowns: 714/0/1042, SMSa: 50.05%
    Filling matrix:  0% 10% 20% 30% 40% 50% 60% 70% 80% 90% 100%  Solving Matrix... (6 sec)
  No.5/20 Freq = 0.72 (GHz):    Cells/Volumes/Unknowns: 714/0/1042, SMSa: 50.05%
    Filling matrix:  0% 10% 20% 30% 40% 50% 60% 70% 80% 90% 100%  Solving Matrix... (8 sec)
  No.6/20 Freq = 0.825 (GHz):    Cells/Volumes/Unknowns: 714/0/1042, SMSa: 50.05%
    Filling matrix:  0% 10% 20% 30% 40% 50% 60% 70% 80% 90% 100%  Solving Matrix... (9 sec)
  No.7/20 Freq = 0.93 (GHz):    Cells/Volumes/Unknowns: 714/0/1042, SMSa: 50.05%
    Filling matrix:  0% 10% 20% 30% 40% 50% 60% 70% 80% 90% 100%  Solving Matrix... (11 sec)
  No.8/20 Freq = 1.035 (GHz):    Cells/Volumes/Unknowns: 714/0/1042, SMSa: 50.05%
    Filling matrix:  0% 10% 20% 30% 40% 50% 60% 70% 80% 90% 100%  Solving Matrix... (12 sec)
  No.9/20 Freq = 1.14 (GHz):    Cells/Volumes/Unknowns: 714/0/1042, SMSa: 50.05%
    Filling matrix:  0% 10% 20% 30% 40% 50% 60% 70% 80% 90% 100%  Solving Matrix... (14 sec)
  No.10/20 Freq = 1.245 (GHz):    Cells/Volumes/Unknowns: 714/0/1042, SMSa: 50.05%
    Filling matrix:  0% 10% 20% 30% 40% 50% 60% 70% 80% 90% 100%  Solving Matrix... (15 sec)
  No.11/20 Freq = 1.35 (GHz):    Cells/Volumes/Unknowns: 714/0/1042, SMSa: 50.05%
    Filling matrix:  0% 10% 20% 30% 40% 50% 60% 70% 80% 90% 100%  Solving Matrix... (16 sec)
  No.12/20 Freq = 1.455 (GHz):    Cells/Volumes/Unknowns: 714/0/1042, SMSa: 50.05%
    Filling matrix:  0% 10% 20% 30% 40% 50% 60% 70% 80% 90% 100%  Solving Matrix... (18 sec)
  No.13/20 Freq = 1.56 (GHz):    Cells/Volumes/Unknowns: 714/0/1042, SMSa: 50.05%
    Filling matrix:  0% 10% 20% 30% 40% 50% 60% 70% 80% 90% 100%  Solving Matrix... (19 sec)
  No.14/20 Freq = 1.665 (GHz):    Cells/Volumes/Unknowns: 714/0/1042, SMSa: 50.05%
    Filling matrix:  0% 10% 20% 30% 40% 50% 60% 70% 80% 90% 100%  Solving Matrix... (21 sec)
  No.15/20 Freq = 1.77 (GHz):    Cells/Volumes/Unknowns: 714/0/1042, SMSa: 50.05%
    Filling matrix:  0% 10% 20% 30% 40% 50% 60% 70% 80% 90% 100%  Solving Matrix... (22 sec)
  No.16/20 Freq = 1.875 (GHz):    Cells/Volumes/Unknowns: 714/0/1042, SMSa: 50.05%
    Filling matrix:  0% 10% 20% 30% 40% 50% 60% 70% 80% 90% 100%  Solving Matrix... (24 sec)
  No.17/20 Freq = 1.98 (GHz):    Cells/Volumes/Unknowns: 714/0/1042, SMSa: 50.05%
    Filling matrix:  0% 10% 20% 30% 40% 50% 60% 70% 80% 90% 100%  Solving Matrix... (25 sec)
  No.18/20 Freq = 2.085 (GHz):    Cells/Volumes/Unknowns: 714/0/1042, SMSa: 50.05%
    Filling matrix:  0% 10% 20% 30% 40% 50% 60% 70% 80% 90% 100%  Solving Matrix... (27 sec)
  No.19/20 Freq = 2.19 (GHz):    Cells/Volumes/Unknowns: 714/0/1042, SMSa: 50.05%
    Filling matrix:  0% 10% 20% 30% 40% 50% 60% 70% 80% 90% 100%  Solving Matrix... (28 sec)
  No.20/20 Freq = 2.295 (GHz):    Cells/Volumes/Unknowns: 714/0/1042, SMSa: 50.05%
    Filling matrix:  0% 10% 20% 30% 40% 50% 60% 70% 80% 90% 100%  Solving Matrix... (30 sec)

 The simulation is finished at Mon Feb 08 13:37:59 2021 successfully!
 Total simulation time is 30 seconds.
 The s-parameter data is saved in: E:\BE PROJECT - 2\U-Slot Training and Testing\Practical Values\output\700_2_improved.sp
