
 ************************************************
 *                                              *
 *   IE3D Electromagnetic Simulator for Win32   *
 *             Special Flow Edition             *
 *                                              *
 *                 Version 12.28                *
 *                                              *
 *           Serial Number: 0000000000708           *
 *                                              *
 * (C)Copyright 1993-2007, Zeland Software, Inc.*
 *              All Rights Reserved             *
 *                                              *
 ************************************************

 Maximum allowed CPU usage number is 1


 This program is licensed to:
   Evaluators  

 Simulation geometry: E:\BE PROJECT - 2\Training 3600-5000\4200_3_training.geo
 The simulation started at: Sun Jan 17 17:34:35 2021

   Meshing Performed Using Classical Scheme with Parameters: 
   Fmax=6.5 GHz, Ncells=15, AEC=0, AEC Ratio=(0.1, 0.4), AEC Level=0
 
   Ports=1, Cells/Volumes/Unknowns=208/0/305, Min 1 MB RAM for SMSa
   FASTA Informaton: N/A

  No.1/25 Freq = 3.4 (GHz):    Cells/Volumes/Unknowns: 208/0/305, SMSa: 50.16%
    Filling matrix:  0% 10% 20% 30% 40% 50% 60% 70% 80% 90% 100%  Solving Matrix... (1 sec)
  No.2/25 Freq = 3.525 (GHz):    Cells/Volumes/Unknowns: 208/0/305, SMSa: 50.16%
    Filling matrix:  0% 10% 20% 30% 40% 50% 60% 70% 80% 90% 100%  Solving Matrix... (1 sec)
  No.3/25 Freq = 3.65 (GHz):    Cells/Volumes/Unknowns: 208/0/305, SMSa: 50.16%
    Filling matrix:  0% 10% 20% 30% 40% 50% 60% 70% 80% 90% 100%  Solving Matrix... (1 sec)
  No.4/25 Freq = 3.775 (GHz):    Cells/Volumes/Unknowns: 208/0/305, SMSa: 50.16%
    Filling matrix:  0% 10% 20% 30% 40% 50% 60% 70% 80% 90% 100%  Solving Matrix... (1 sec)
  No.5/25 Freq = 3.9 (GHz):    Cells/Volumes/Unknowns: 208/0/305, SMSa: 50.16%
    Filling matrix:  0% 10% 20% 30% 40% 50% 60% 70% 80% 90% 100%  Solving Matrix... (2 sec)
  No.6/25 Freq = 4.025 (GHz):    Cells/Volumes/Unknowns: 208/0/305, SMSa: 50.16%
    Filling matrix:  0% 10% 20% 30% 40% 50% 60% 70% 80% 90% 100%  Solving Matrix... (2 sec)
  No.7/25 Freq = 4.15 (GHz):    Cells/Volumes/Unknowns: 208/0/305, SMSa: 50.16%
    Filling matrix:  0% 10% 20% 30% 40% 50% 60% 70% 80% 90% 100%  Solving Matrix... (2 sec)
  No.8/25 Freq = 4.275 (GHz):    Cells/Volumes/Unknowns: 208/0/305, SMSa: 50.16%
    Filling matrix:  0% 10% 20% 30% 40% 50% 60% 70% 80% 90% 100%  Solving Matrix... (3 sec)
  No.9/25 Freq = 4.4 (GHz):    Cells/Volumes/Unknowns: 208/0/305, SMSa: 50.16%
    Filling matrix:  0% 10% 20% 30% 40% 50% 60% 70% 80% 90% 100%  Solving Matrix... (3 sec)
  No.10/25 Freq = 4.525 (GHz):    Cells/Volumes/Unknowns: 208/0/305, SMSa: 50.16%
    Filling matrix:  0% 10% 20% 30% 40% 50% 60% 70% 80% 90% 100%  Solving Matrix... (3 sec)
  No.11/25 Freq = 4.65 (GHz):    Cells/Volumes/Unknowns: 208/0/305, SMSa: 50.16%
    Filling matrix:  0% 10% 20% 30% 40% 50% 60% 70% 80% 90% 100%  Solving Matrix... (3 sec)
  No.12/25 Freq = 4.775 (GHz):    Cells/Volumes/Unknowns: 208/0/305, SMSa: 50.16%
    Filling matrix:  0% 10% 20% 30% 40% 50% 60% 70% 80% 90% 100%  Solving Matrix... (4 sec)
  No.13/25 Freq = 4.9 (GHz):    Cells/Volumes/Unknowns: 208/0/305, SMSa: 50.16%
    Filling matrix:  0% 10% 20% 30% 40% 50% 60% 70% 80% 90% 100%  Solving Matrix... (4 sec)
  No.14/25 Freq = 5.025 (GHz):    Cells/Volumes/Unknowns: 208/0/305, SMSa: 50.16%
    Filling matrix:  0% 10% 20% 30% 40% 50% 60% 70% 80% 90% 100%  Solving Matrix... (4 sec)
  No.15/25 Freq = 5.15 (GHz):    Cells/Volumes/Unknowns: 208/0/305, SMSa: 50.16%
    Filling matrix:  0% 10% 20% 30% 40% 50% 60% 70% 80% 90% 100%  Solving Matrix... (5 sec)
  No.16/25 Freq = 5.275 (GHz):    Cells/Volumes/Unknowns: 208/0/305, SMSa: 50.16%
    Filling matrix:  0% 10% 20% 30% 40% 50% 60% 70% 80% 90% 100%  Solving Matrix... (5 sec)
  No.17/25 Freq = 5.4 (GHz):    Cells/Volumes/Unknowns: 208/0/305, SMSa: 50.16%
    Filling matrix:  0% 10% 20% 30% 40% 50% 60% 70% 80% 90% 100%  Solving Matrix... (5 sec)
  No.18/25 Freq = 5.525 (GHz):    Cells/Volumes/Unknowns: 208/0/305, SMSa: 50.16%
    Filling matrix:  0% 10% 20% 30% 40% 50% 60% 70% 80% 90% 100%  Solving Matrix... (5 sec)
  No.19/25 Freq = 5.65 (GHz):    Cells/Volumes/Unknowns: 208/0/305, SMSa: 50.16%
    Filling matrix:  0% 10% 20% 30% 40% 50% 60% 70% 80% 90% 100%  Solving Matrix... (6 sec)
  No.20/25 Freq = 5.775 (GHz):    Cells/Volumes/Unknowns: 208/0/305, SMSa: 50.16%
    Filling matrix:  0% 10% 20% 30% 40% 50% 60% 70% 80% 90% 100%  Solving Matrix... (6 sec)
  No.21/25 Freq = 5.9 (GHz):    Cells/Volumes/Unknowns: 208/0/305, SMSa: 50.16%
    Filling matrix:  0% 10% 20% 30% 40% 50% 60% 70% 80% 90% 100%  Solving Matrix... (6 sec)
  No.22/25 Freq = 6.025 (GHz):    Cells/Volumes/Unknowns: 208/0/305, SMSa: 50.16%
    Filling matrix:  0% 10% 20% 30% 40% 50% 60% 70% 80% 90% 100%  Solving Matrix... (7 sec)
  No.23/25 Freq = 6.15 (GHz):    Cells/Volumes/Unknowns: 208/0/305, SMSa: 50.16%
    Filling matrix:  0% 10% 20% 30% 40% 50% 60% 70% 80% 90% 100%  Solving Matrix... (7 sec)
  No.24/25 Freq = 6.275 (GHz):    Cells/Volumes/Unknowns: 208/0/305, SMSa: 50.16%
    Filling matrix:  0% 10% 20% 30% 40% 50% 60% 70% 80% 90% 100%  Solving Matrix... (7 sec)
  No.25/25 Freq = 6.4 (GHz):    Cells/Volumes/Unknowns: 208/0/305, SMSa: 50.16%
    Filling matrix:  0% 10% 20% 30% 40% 50% 60% 70% 80% 90% 100%  Solving Matrix... (8 sec)

 The simulation is finished at Sun Jan 17 17:34:43 2021 successfully!
 Total simulation time is 8 seconds.
 The s-parameter data is saved in: E:\BE PROJECT - 2\Training 3600-5000\output\4200_3_training.sp
