
 ************************************************
 *                                              *
 *   IE3D Electromagnetic Simulator for Win32   *
 *             Special Flow Edition             *
 *                                              *
 *                 Version 12.28                *
 *                                              *
 *           Serial Number: 0000000000708           *
 *                                              *
 * (C)Copyright 1993-2007, Zeland Software, Inc.*
 *              All Rights Reserved             *
 *                                              *
 ************************************************

 Maximum allowed CPU usage number is 1


 This program is licensed to:
   Evaluators  

 Simulation geometry: E:\BE PROJECT - 2\Training 3600-5000\4600_3_training.geo
 The simulation started at: Sun Jan 17 18:06:08 2021

   Meshing Performed Using Classical Scheme with Parameters: 
   Fmax=7.4 GHz, Ncells=15, AEC=0, AEC Ratio=(0.1, 0.4), AEC Level=0
 
   Ports=1, Cells/Volumes/Unknowns=237/0/348, Min 1 MB RAM for SMSa
   FASTA Informaton: N/A

  No.1/25 Freq = 3.6 (GHz):    Cells/Volumes/Unknowns: 237/0/348, SMSa: 50.14%
    Filling matrix:  0% 10% 20% 30% 40% 50% 60% 70% 80% 90% 100%  Solving Matrix... (0 sec)
  No.2/25 Freq = 3.74583333 (GHz):    Cells/Volumes/Unknowns: 237/0/348, SMSa: 50.14%
    Filling matrix:  0% 10% 20% 30% 40% 50% 60% 70% 80% 90% 100%  Solving Matrix... (1 sec)
  No.3/25 Freq = 3.89166667 (GHz):    Cells/Volumes/Unknowns: 237/0/348, SMSa: 50.14%
    Filling matrix:  0% 10% 20% 30% 40% 50% 60% 70% 80% 90% 100%  Solving Matrix... (1 sec)
  No.4/25 Freq = 4.0375 (GHz):    Cells/Volumes/Unknowns: 237/0/348, SMSa: 50.14%
    Filling matrix:  0% 10% 20% 30% 40% 50% 60% 70% 80% 90% 100%  Solving Matrix... (2 sec)
  No.5/25 Freq = 4.18333333 (GHz):    Cells/Volumes/Unknowns: 237/0/348, SMSa: 50.14%
    Filling matrix:  0% 10% 20% 30% 40% 50% 60% 70% 80% 90% 100%  Solving Matrix... (2 sec)
  No.6/25 Freq = 4.32916667 (GHz):    Cells/Volumes/Unknowns: 237/0/348, SMSa: 50.14%
    Filling matrix:  0% 10% 20% 30% 40% 50% 60% 70% 80% 90% 100%  Solving Matrix... (2 sec)
  No.7/25 Freq = 4.475 (GHz):    Cells/Volumes/Unknowns: 237/0/348, SMSa: 50.14%
    Filling matrix:  0% 10% 20% 30% 40% 50% 60% 70% 80% 90% 100%  Solving Matrix... (3 sec)
  No.8/25 Freq = 4.62083333 (GHz):    Cells/Volumes/Unknowns: 237/0/348, SMSa: 50.14%
    Filling matrix:  0% 10% 20% 30% 40% 50% 60% 70% 80% 90% 100%  Solving Matrix... (4 sec)
  No.9/25 Freq = 4.76666667 (GHz):    Cells/Volumes/Unknowns: 237/0/348, SMSa: 50.14%
    Filling matrix:  0% 10% 20% 30% 40% 50% 60% 70% 80% 90% 100%  Solving Matrix... (4 sec)
  No.10/25 Freq = 4.9125 (GHz):    Cells/Volumes/Unknowns: 237/0/348, SMSa: 50.14%
    Filling matrix:  0% 10% 20% 30% 40% 50% 60% 70% 80% 90% 100%  Solving Matrix... (4 sec)
  No.11/25 Freq = 5.05833333 (GHz):    Cells/Volumes/Unknowns: 237/0/348, SMSa: 50.14%
    Filling matrix:  0% 10% 20% 30% 40% 50% 60% 70% 80% 90% 100%  Solving Matrix... (5 sec)
  No.12/25 Freq = 5.20416667 (GHz):    Cells/Volumes/Unknowns: 237/0/348, SMSa: 50.14%
    Filling matrix:  0% 10% 20% 30% 40% 50% 60% 70% 80% 90% 100%  Solving Matrix... (5 sec)
  No.13/25 Freq = 5.35 (GHz):    Cells/Volumes/Unknowns: 237/0/348, SMSa: 50.14%
    Filling matrix:  0% 10% 20% 30% 40% 50% 60% 70% 80% 90% 100%  Solving Matrix... (5 sec)
  No.14/25 Freq = 5.49583333 (GHz):    Cells/Volumes/Unknowns: 237/0/348, SMSa: 50.14%
    Filling matrix:  0% 10% 20% 30% 40% 50% 60% 70% 80% 90% 100%  Solving Matrix... (6 sec)
  No.15/25 Freq = 5.64166667 (GHz):    Cells/Volumes/Unknowns: 237/0/348, SMSa: 50.14%
    Filling matrix:  0% 10% 20% 30% 40% 50% 60% 70% 80% 90% 100%  Solving Matrix... (6 sec)
  No.16/25 Freq = 5.7875 (GHz):    Cells/Volumes/Unknowns: 237/0/348, SMSa: 50.14%
    Filling matrix:  0% 10% 20% 30% 40% 50% 60% 70% 80% 90% 100%  Solving Matrix... (6 sec)
  No.17/25 Freq = 5.93333333 (GHz):    Cells/Volumes/Unknowns: 237/0/348, SMSa: 50.14%
    Filling matrix:  0% 10% 20% 30% 40% 50% 60% 70% 80% 90% 100%  Solving Matrix... (7 sec)
  No.18/25 Freq = 6.07916667 (GHz):    Cells/Volumes/Unknowns: 237/0/348, SMSa: 50.14%
    Filling matrix:  0% 10% 20% 30% 40% 50% 60% 70% 80% 90% 100%  Solving Matrix... (7 sec)
  No.19/25 Freq = 6.225 (GHz):    Cells/Volumes/Unknowns: 237/0/348, SMSa: 50.14%
    Filling matrix:  0% 10% 20% 30% 40% 50% 60% 70% 80% 90% 100%  Solving Matrix... (7 sec)
  No.20/25 Freq = 6.37083333 (GHz):    Cells/Volumes/Unknowns: 237/0/348, SMSa: 50.14%
    Filling matrix:  0% 10% 20% 30% 40% 50% 60% 70% 80% 90% 100%  Solving Matrix... (8 sec)
  No.21/25 Freq = 6.51666667 (GHz):    Cells/Volumes/Unknowns: 237/0/348, SMSa: 50.14%
    Filling matrix:  0% 10% 20% 30% 40% 50% 60% 70% 80% 90% 100%  Solving Matrix... (8 sec)
  No.22/25 Freq = 6.6625 (GHz):    Cells/Volumes/Unknowns: 237/0/348, SMSa: 50.14%
    Filling matrix:  0% 10% 20% 30% 40% 50% 60% 70% 80% 90% 100%  Solving Matrix... (8 sec)
  No.23/25 Freq = 6.80833333 (GHz):    Cells/Volumes/Unknowns: 237/0/348, SMSa: 50.14%
    Filling matrix:  0% 10% 20% 30% 40% 50% 60% 70% 80% 90% 100%  Solving Matrix... (9 sec)
  No.24/25 Freq = 6.95416667 (GHz):    Cells/Volumes/Unknowns: 237/0/348, SMSa: 50.14%
    Filling matrix:  0% 10% 20% 30% 40% 50% 60% 70% 80% 90% 100%  Solving Matrix... (9 sec)
  No.25/25 Freq = 7.1 (GHz):    Cells/Volumes/Unknowns: 237/0/348, SMSa: 50.14%
    Filling matrix:  0% 10% 20% 30% 40% 50% 60% 70% 80% 90% 100%  Solving Matrix... (9 sec)

 The simulation is finished at Sun Jan 17 18:06:17 2021 successfully!
 Total simulation time is 9 seconds.
 The s-parameter data is saved in: E:\BE PROJECT - 2\Training 3600-5000\output\4600_3_training.sp
