
 ************************************************
 *                                              *
 *   IE3D Electromagnetic Simulator for Win32   *
 *             Special Flow Edition             *
 *                                              *
 *                 Version 12.28                *
 *                                              *
 *           Serial Number: 0000000000708           *
 *                                              *
 * (C)Copyright 1993-2007, Zeland Software, Inc.*
 *              All Rights Reserved             *
 *                                              *
 ************************************************

 Maximum allowed CPU usage number is 1


 This program is licensed to:
   Evaluators  

 Simulation geometry: E:\BE Project\1-Step ANN\1-step ann predicted geo-final\1500_2_pred.geo
 The simulation started at: Sat Jan 16 12:46:15 2021

   Meshing Performed Using Classical Scheme with Parameters: 
   Fmax=3 GHz, Ncells=15, AEC=0, AEC Ratio=(0.1, 0.4), AEC Level=0
 
   Ports=1, Cells/Volumes/Unknowns=375/0/555, Min 3 MB RAM for SMSa
   FASTA Informaton: N/A

  No.1/20 Freq = 0.9 (GHz):    Cells/Volumes/Unknowns: 375/0/555, SMSa: 50.09%
    Filling matrix:  0% 10% 20% 30% 40% 50% 60% 70% 80% 90% 100%  Solving Matrix... (1 sec)
  No.2/20 Freq = 1.00526316 (GHz):    Cells/Volumes/Unknowns: 375/0/555, SMSa: 50.09%
    Filling matrix:  0% 10% 20% 30% 40% 50% 60% 70% 80% 90% 100%  Solving Matrix... (3 sec)
  No.3/20 Freq = 1.11052632 (GHz):    Cells/Volumes/Unknowns: 375/0/555, SMSa: 50.09%
    Filling matrix:  0% 10% 20% 30% 40% 50% 60% 70% 80% 90% 100%  Solving Matrix... (4 sec)
  No.4/20 Freq = 1.21578947 (GHz):    Cells/Volumes/Unknowns: 375/0/555, SMSa: 50.09%
    Filling matrix:  0% 10% 20% 30% 40% 50% 60% 70% 80% 90% 100%  Solving Matrix... (5 sec)
  No.5/20 Freq = 1.32105263 (GHz):    Cells/Volumes/Unknowns: 375/0/555, SMSa: 50.09%
    Filling matrix:  0% 10% 20% 30% 40% 50% 60% 70% 80% 90% 100%  Solving Matrix... (6 sec)
  No.6/20 Freq = 1.42631579 (GHz):    Cells/Volumes/Unknowns: 375/0/555, SMSa: 50.09%
    Filling matrix:  0% 10% 20% 30% 40% 50% 60% 70% 80% 90% 100%  Solving Matrix... (8 sec)
  No.7/20 Freq = 1.53157895 (GHz):    Cells/Volumes/Unknowns: 375/0/555, SMSa: 50.09%
    Filling matrix:  0% 10% 20% 30% 40% 50% 60% 70% 80% 90% 100%  Solving Matrix... (9 sec)
  No.8/20 Freq = 1.63684211 (GHz):    Cells/Volumes/Unknowns: 375/0/555, SMSa: 50.09%
    Filling matrix:  0% 10% 20% 30% 40% 50% 60% 70% 80% 90% 100%  Solving Matrix... (10 sec)
  No.9/20 Freq = 1.74210526 (GHz):    Cells/Volumes/Unknowns: 375/0/555, SMSa: 50.09%
    Filling matrix:  0% 10% 20% 30% 40% 50% 60% 70% 80% 90% 100%  Solving Matrix... (11 sec)
  No.10/20 Freq = 1.84736842 (GHz):    Cells/Volumes/Unknowns: 375/0/555, SMSa: 50.09%
    Filling matrix:  0% 10% 20% 30% 40% 50% 60% 70% 80% 90% 100%  Solving Matrix... (13 sec)
  No.11/20 Freq = 1.95263158 (GHz):    Cells/Volumes/Unknowns: 375/0/555, SMSa: 50.09%
    Filling matrix:  0% 10% 20% 30% 40% 50% 60% 70% 80% 90% 100%  Solving Matrix... (14 sec)
  No.12/20 Freq = 2.05789474 (GHz):    Cells/Volumes/Unknowns: 375/0/555, SMSa: 50.09%
    Filling matrix:  0% 10% 20% 30% 40% 50% 60% 70% 80% 90% 100%  Solving Matrix... (15 sec)
  No.13/20 Freq = 2.16315789 (GHz):    Cells/Volumes/Unknowns: 375/0/555, SMSa: 50.09%
    Filling matrix:  0% 10% 20% 30% 40% 50% 60% 70% 80% 90% 100%  Solving Matrix... (16 sec)
  No.14/20 Freq = 2.26842105 (GHz):    Cells/Volumes/Unknowns: 375/0/555, SMSa: 50.09%
    Filling matrix:  0% 10% 20% 30% 40% 50% 60% 70% 80% 90% 100%  Solving Matrix... (18 sec)
  No.15/20 Freq = 2.37368421 (GHz):    Cells/Volumes/Unknowns: 375/0/555, SMSa: 50.09%
    Filling matrix:  0% 10% 20% 30% 40% 50% 60% 70% 80% 90% 100%  Solving Matrix... (19 sec)
  No.16/20 Freq = 2.47894737 (GHz):    Cells/Volumes/Unknowns: 375/0/555, SMSa: 50.09%
    Filling matrix:  0% 10% 20% 30% 40% 50% 60% 70% 80% 90% 100%  Solving Matrix... (20 sec)
  No.17/20 Freq = 2.58421053 (GHz):    Cells/Volumes/Unknowns: 375/0/555, SMSa: 50.09%
    Filling matrix:  0% 10% 20% 30% 40% 50% 60% 70% 80% 90% 100%  Solving Matrix... (21 sec)
  No.18/20 Freq = 2.68947368 (GHz):    Cells/Volumes/Unknowns: 375/0/555, SMSa: 50.09%
    Filling matrix:  0% 10% 20% 30% 40% 50% 60% 70% 80% 90% 100%  Solving Matrix... (23 sec)
  No.19/20 Freq = 2.79473684 (GHz):    Cells/Volumes/Unknowns: 375/0/555, SMSa: 50.09%
    Filling matrix:  0% 10% 20% 30% 40% 50% 60% 70% 80% 90% 100%  Solving Matrix... (24 sec)
  No.20/20 Freq = 2.9 (GHz):    Cells/Volumes/Unknowns: 375/0/555, SMSa: 50.09%
    Filling matrix:  0% 10% 20% 30% 40% 50% 60% 70% 80% 90% 100%  Solving Matrix... (25 sec)

 The simulation is finished at Sat Jan 16 12:46:40 2021 successfully!
 Total simulation time is 25 seconds.
 The s-parameter data is saved in: E:\BE Project\1-Step ANN\1-step ann predicted geo-final\output\1500_2_pred.sp
