
 ************************************************
 *                                              *
 *   IE3D Electromagnetic Simulator for Win32   *
 *             Special Flow Edition             *
 *                                              *
 *                 Version 12.28                *
 *                                              *
 *           Serial Number: 0000000000708           *
 *                                              *
 * (C)Copyright 1993-2007, Zeland Software, Inc.*
 *              All Rights Reserved             *
 *                                              *
 ************************************************

 Maximum allowed CPU usage number is 1


 This program is licensed to:
   Evaluators  

 Simulation geometry: E:\BE Project\1-Step ANN\1-step ann predicted geo-final\2700_2_ann.geo
 The simulation started at: Sat Jan 16 13:49:01 2021

   Meshing Performed Using Classical Scheme with Parameters: 
   Fmax=4.1 GHz, Ncells=15, AEC=0, AEC Ratio=(0.1, 0.4), AEC Level=0
 
   Ports=1, Cells/Volumes/Unknowns=239/0/354, Min 1 MB RAM for SMSa
   FASTA Informaton: N/A

  No.1/20 Freq =   2 (GHz):    Cells/Volumes/Unknowns: 239/0/354, SMSa: 50.14%
    Filling matrix:  0% 10% 20% 30% 40% 50% 60% 70% 80% 90% 100%  Solving Matrix... (1 sec)
  No.2/20 Freq = 2.10526316 (GHz):    Cells/Volumes/Unknowns: 239/0/354, SMSa: 50.14%
    Filling matrix:  0% 10% 20% 30% 40% 50% 60% 70% 80% 90% 100%  Solving Matrix... (2 sec)
  No.3/20 Freq = 2.21052632 (GHz):    Cells/Volumes/Unknowns: 239/0/354, SMSa: 50.14%
    Filling matrix:  0% 10% 20% 30% 40% 50% 60% 70% 80% 90% 100%  Solving Matrix... (2 sec)
  No.4/20 Freq = 2.31578947 (GHz):    Cells/Volumes/Unknowns: 239/0/354, SMSa: 50.14%
    Filling matrix:  0% 10% 20% 30% 40% 50% 60% 70% 80% 90% 100%  Solving Matrix... (3 sec)
  No.5/20 Freq = 2.42105263 (GHz):    Cells/Volumes/Unknowns: 239/0/354, SMSa: 50.14%
    Filling matrix:  0% 10% 20% 30% 40% 50% 60% 70% 80% 90% 100%  Solving Matrix... (4 sec)
  No.6/20 Freq = 2.52631579 (GHz):    Cells/Volumes/Unknowns: 239/0/354, SMSa: 50.14%
    Filling matrix:  0% 10% 20% 30% 40% 50% 60% 70% 80% 90% 100%  Solving Matrix... (5 sec)
  No.7/20 Freq = 2.63157895 (GHz):    Cells/Volumes/Unknowns: 239/0/354, SMSa: 50.14%
    Filling matrix:  0% 10% 20% 30% 40% 50% 60% 70% 80% 90% 100%  Solving Matrix... (5 sec)
  No.8/20 Freq = 2.73684211 (GHz):    Cells/Volumes/Unknowns: 239/0/354, SMSa: 50.14%
    Filling matrix:  0% 10% 20% 30% 40% 50% 60% 70% 80% 90% 100%  Solving Matrix... (6 sec)
  No.9/20 Freq = 2.84210526 (GHz):    Cells/Volumes/Unknowns: 239/0/354, SMSa: 50.14%
    Filling matrix:  0% 10% 20% 30% 40% 50% 60% 70% 80% 90% 100%  Solving Matrix... (7 sec)
  No.10/20 Freq = 2.94736842 (GHz):    Cells/Volumes/Unknowns: 239/0/354, SMSa: 50.14%
    Filling matrix:  0% 10% 20% 30% 40% 50% 60% 70% 80% 90% 100%  Solving Matrix... (7 sec)
  No.11/20 Freq = 3.05263158 (GHz):    Cells/Volumes/Unknowns: 239/0/354, SMSa: 50.14%
    Filling matrix:  0% 10% 20% 30% 40% 50% 60% 70% 80% 90% 100%  Solving Matrix... (8 sec)
  No.12/20 Freq = 3.15789474 (GHz):    Cells/Volumes/Unknowns: 239/0/354, SMSa: 50.14%
    Filling matrix:  0% 10% 20% 30% 40% 50% 60% 70% 80% 90% 100%  Solving Matrix... (9 sec)
  No.13/20 Freq = 3.26315789 (GHz):    Cells/Volumes/Unknowns: 239/0/354, SMSa: 50.14%
    Filling matrix:  0% 10% 20% 30% 40% 50% 60% 70% 80% 90% 100%  Solving Matrix... (10 sec)
  No.14/20 Freq = 3.36842105 (GHz):    Cells/Volumes/Unknowns: 239/0/354, SMSa: 50.14%
    Filling matrix:  0% 10% 20% 30% 40% 50% 60% 70% 80% 90% 100%  Solving Matrix... (10 sec)
  No.15/20 Freq = 3.47368421 (GHz):    Cells/Volumes/Unknowns: 239/0/354, SMSa: 50.14%
    Filling matrix:  0% 10% 20% 30% 40% 50% 60% 70% 80% 90% 100%  Solving Matrix... (11 sec)
  No.16/20 Freq = 3.57894737 (GHz):    Cells/Volumes/Unknowns: 239/0/354, SMSa: 50.14%
    Filling matrix:  0% 10% 20% 30% 40% 50% 60% 70% 80% 90% 100%  Solving Matrix... (12 sec)
  No.17/20 Freq = 3.68421053 (GHz):    Cells/Volumes/Unknowns: 239/0/354, SMSa: 50.14%
    Filling matrix:  0% 10% 20% 30% 40% 50% 60% 70% 80% 90% 100%  Solving Matrix... (12 sec)
  No.18/20 Freq = 3.78947368 (GHz):    Cells/Volumes/Unknowns: 239/0/354, SMSa: 50.14%
    Filling matrix:  0% 10% 20% 30% 40% 50% 60% 70% 80% 90% 100%  Solving Matrix... (13 sec)
  No.19/20 Freq = 3.89473684 (GHz):    Cells/Volumes/Unknowns: 239/0/354, SMSa: 50.14%
    Filling matrix:  0% 10% 20% 30% 40% 50% 60% 70% 80% 90% 100%  Solving Matrix... (14 sec)
  No.20/20 Freq =   4 (GHz):    Cells/Volumes/Unknowns: 239/0/354, SMSa: 50.14%
    Filling matrix:  0% 10% 20% 30% 40% 50% 60% 70% 80% 90% 100%  Solving Matrix... (14 sec)

 The simulation is finished at Sat Jan 16 13:49:15 2021 successfully!
 Total simulation time is 14 seconds.
 The s-parameter data is saved in: E:\BE Project\1-Step ANN\1-step ann predicted geo-final\output\2700_2_ann.sp
