
 ************************************************
 *                                              *
 *   IE3D Electromagnetic Simulator for Win32   *
 *             Special Flow Edition             *
 *                                              *
 *                 Version 12.28                *
 *                                              *
 *           Serial Number: 0000000000708           *
 *                                              *
 * (C)Copyright 1993-2007, Zeland Software, Inc.*
 *              All Rights Reserved             *
 *                                              *
 ************************************************

 Maximum allowed CPU usage number is 1


 This program is licensed to:
   Evaluators  

 Simulation geometry: E:\BE PROJECT - 2\U-Slot\4200_2.geo
 The simulation started at: Mon Feb 01 18:27:57 2021

   Meshing Performed Using Classical Scheme with Parameters: 
   Fmax=5.5 GHz, Ncells=10, AEC=0, AEC Ratio=(0.1, 0.4), AEC Level=0
 
   Ports=1, Cells/Volumes/Unknowns=149/0/213, Min 0 MB RAM for SMSa
   FASTA Informaton: N/A

  No.1/21 Freq = 3.2 (GHz):    Cells/Volumes/Unknowns: 149/0/213, SMSa: 50.23%
    Filling matrix:  0% 10% 20% 30% 40% 50% 60% 70% 80% 90% 100%  Solving Matrix... (0 sec)
  No.2/21 Freq = 3.315 (GHz):    Cells/Volumes/Unknowns: 149/0/213, SMSa: 50.23%
    Filling matrix:  0% 10% 20% 30% 40% 50% 60% 70% 80% 90% 100%  Solving Matrix... (1 sec)
  No.3/21 Freq = 3.43 (GHz):    Cells/Volumes/Unknowns: 149/0/213, SMSa: 50.23%
    Filling matrix:  0% 10% 20% 30% 40% 50% 60% 70% 80% 90% 100%  Solving Matrix... (1 sec)
  No.4/21 Freq = 3.545 (GHz):    Cells/Volumes/Unknowns: 149/0/213, SMSa: 50.23%
    Filling matrix:  0% 10% 20% 30% 40% 50% 60% 70% 80% 90% 100%  Solving Matrix... (1 sec)
  No.5/21 Freq = 3.66 (GHz):    Cells/Volumes/Unknowns: 149/0/213, SMSa: 50.23%
    Filling matrix:  0% 10% 20% 30% 40% 50% 60% 70% 80% 90% 100%  Solving Matrix... (1 sec)
  No.6/21 Freq = 3.775 (GHz):    Cells/Volumes/Unknowns: 149/0/213, SMSa: 50.23%
    Filling matrix:  0% 10% 20% 30% 40% 50% 60% 70% 80% 90% 100%  Solving Matrix... (1 sec)
  No.7/21 Freq = 3.89 (GHz):    Cells/Volumes/Unknowns: 149/0/213, SMSa: 50.23%
    Filling matrix:  0% 10% 20% 30% 40% 50% 60% 70% 80% 90% 100%  Solving Matrix... (2 sec)
  No.8/21 Freq = 4.005 (GHz):    Cells/Volumes/Unknowns: 149/0/213, SMSa: 50.23%
    Filling matrix:  0% 10% 20% 30% 40% 50% 60% 70% 80% 90% 100%  Solving Matrix... (2 sec)
  No.9/21 Freq = 4.12 (GHz):    Cells/Volumes/Unknowns: 149/0/213, SMSa: 50.23%
    Filling matrix:  0% 10% 20% 30% 40% 50% 60% 70% 80% 90% 100%  Solving Matrix... (2 sec)
  No.10/21 Freq = 4.235 (GHz):    Cells/Volumes/Unknowns: 149/0/213, SMSa: 50.23%
    Filling matrix:  0% 10% 20% 30% 40% 50% 60% 70% 80% 90% 100%  Solving Matrix... (2 sec)
  No.11/21 Freq = 4.35 (GHz):    Cells/Volumes/Unknowns: 149/0/213, SMSa: 50.23%
    Filling matrix:  0% 10% 20% 30% 40% 50% 60% 70% 80% 90% 100%  Solving Matrix... (2 sec)
  No.12/21 Freq = 4.465 (GHz):    Cells/Volumes/Unknowns: 149/0/213, SMSa: 50.23%
    Filling matrix:  0% 10% 20% 30% 40% 50% 60% 70% 80% 90% 100%  Solving Matrix... (3 sec)
  No.13/21 Freq = 4.58 (GHz):    Cells/Volumes/Unknowns: 149/0/213, SMSa: 50.23%
    Filling matrix:  0% 10% 20% 30% 40% 50% 60% 70% 80% 90% 100%  Solving Matrix... (3 sec)
  No.14/21 Freq = 4.695 (GHz):    Cells/Volumes/Unknowns: 149/0/213, SMSa: 50.23%
    Filling matrix:  0% 10% 20% 30% 40% 50% 60% 70% 80% 90% 100%  Solving Matrix... (3 sec)
  No.15/21 Freq = 4.81 (GHz):    Cells/Volumes/Unknowns: 149/0/213, SMSa: 50.23%
    Filling matrix:  0% 10% 20% 30% 40% 50% 60% 70% 80% 90% 100%  Solving Matrix... (3 sec)
  No.16/21 Freq = 4.925 (GHz):    Cells/Volumes/Unknowns: 149/0/213, SMSa: 50.23%
    Filling matrix:  0% 10% 20% 30% 40% 50% 60% 70% 80% 90% 100%  Solving Matrix... (3 sec)
  No.17/21 Freq = 5.04 (GHz):    Cells/Volumes/Unknowns: 149/0/213, SMSa: 50.23%
    Filling matrix:  0% 10% 20% 30% 40% 50% 60% 70% 80% 90% 100%  Solving Matrix... (4 sec)
  No.18/21 Freq = 5.155 (GHz):    Cells/Volumes/Unknowns: 149/0/213, SMSa: 50.23%
    Filling matrix:  0% 10% 20% 30% 40% 50% 60% 70% 80% 90% 100%  Solving Matrix... (4 sec)
  No.19/21 Freq = 5.27 (GHz):    Cells/Volumes/Unknowns: 149/0/213, SMSa: 50.23%
    Filling matrix:  0% 10% 20% 30% 40% 50% 60% 70% 80% 90% 100%  Solving Matrix... (4 sec)
  No.20/21 Freq = 5.385 (GHz):    Cells/Volumes/Unknowns: 149/0/213, SMSa: 50.23%
    Filling matrix:  0% 10% 20% 30% 40% 50% 60% 70% 80% 90% 100%  Solving Matrix... (4 sec)
  No.21/21 Freq = 5.5 (GHz):    Cells/Volumes/Unknowns: 149/0/213, SMSa: 50.23%
    Filling matrix:  0% 10% 20% 30% 40% 50% 60% 70% 80% 90% 100%  Solving Matrix... (5 sec)

 The simulation is finished at Mon Feb 01 18:28:02 2021 successfully!
 Total simulation time is 5 seconds.
 The s-parameter data is saved in: E:\BE PROJECT - 2\U-Slot\output\4200_2.sp
