
 ************************************************
 *                                              *
 *   IE3D Electromagnetic Simulator for Win32   *
 *             Special Flow Edition             *
 *                                              *
 *                 Version 12.28                *
 *                                              *
 *           Serial Number: 0000000000708           *
 *                                              *
 * (C)Copyright 1993-2007, Zeland Software, Inc.*
 *              All Rights Reserved             *
 *                                              *
 ************************************************

 Maximum allowed CPU usage number is 1


 This program is licensed to:
   Evaluators  

 Simulation geometry: E:\BE PROJECT - 2\U-Slot\4800_2.geo
 The simulation started at: Tue Feb 02 12:20:49 2021

   Meshing Performed Using Classical Scheme with Parameters: 
   Fmax=6.1 GHz, Ncells=10, AEC=0, AEC Ratio=(0.1, 0.4), AEC Level=0
 
   Ports=1, Cells/Volumes/Unknowns=143/0/204, Min 0 MB RAM for SMSa
   FASTA Informaton: N/A

  No.1/21 Freq = 3.8 (GHz):    Cells/Volumes/Unknowns: 143/0/204, SMSa: 50.25%
    Filling matrix:  0% 10% 20% 30% 40% 50% 60% 70% 80% 90% 100%  Solving Matrix... (0 sec)
  No.2/21 Freq = 3.91 (GHz):    Cells/Volumes/Unknowns: 143/0/204, SMSa: 50.25%
    Filling matrix:  0% 10% 20% 30% 40% 50% 60% 70% 80% 90% 100%  Solving Matrix... (1 sec)
  No.3/21 Freq = 4.02 (GHz):    Cells/Volumes/Unknowns: 143/0/204, SMSa: 50.25%
    Filling matrix:  0% 10% 20% 30% 40% 50% 60% 70% 80% 90% 100%  Solving Matrix... (1 sec)
  No.4/21 Freq = 4.13 (GHz):    Cells/Volumes/Unknowns: 143/0/204, SMSa: 50.25%
    Filling matrix:  0% 10% 20% 30% 40% 50% 60% 70% 80% 90% 100%  Solving Matrix... (2 sec)
  No.5/21 Freq = 4.24 (GHz):    Cells/Volumes/Unknowns: 143/0/204, SMSa: 50.25%
    Filling matrix:  0% 10% 20% 30% 40% 50% 60% 70% 80% 90% 100%  Solving Matrix... (2 sec)
  No.6/21 Freq = 4.35 (GHz):    Cells/Volumes/Unknowns: 143/0/204, SMSa: 50.25%
    Filling matrix:  0% 10% 20% 30% 40% 50% 60% 70% 80% 90% 100%  Solving Matrix... (2 sec)
  No.7/21 Freq = 4.46 (GHz):    Cells/Volumes/Unknowns: 143/0/204, SMSa: 50.25%
    Filling matrix:  0% 10% 20% 30% 40% 50% 60% 70% 80% 90% 100%  Solving Matrix... (3 sec)
  No.8/21 Freq = 4.57 (GHz):    Cells/Volumes/Unknowns: 143/0/204, SMSa: 50.25%
    Filling matrix:  0% 10% 20% 30% 40% 50% 60% 70% 80% 90% 100%  Solving Matrix... (3 sec)
  No.9/21 Freq = 4.68 (GHz):    Cells/Volumes/Unknowns: 143/0/204, SMSa: 50.25%
    Filling matrix:  0% 10% 20% 30% 40% 50% 60% 70% 80% 90% 100%  Solving Matrix... (3 sec)
  No.10/21 Freq = 4.79 (GHz):    Cells/Volumes/Unknowns: 143/0/204, SMSa: 50.25%
    Filling matrix:  0% 10% 20% 30% 40% 50% 60% 70% 80% 90% 100%  Solving Matrix... (4 sec)
  No.11/21 Freq = 4.9 (GHz):    Cells/Volumes/Unknowns: 143/0/204, SMSa: 50.25%
    Filling matrix:  0% 10% 20% 30% 40% 50% 60% 70% 80% 90% 100%  Solving Matrix... (4 sec)
  No.12/21 Freq = 5.01 (GHz):    Cells/Volumes/Unknowns: 143/0/204, SMSa: 50.25%
    Filling matrix:  0% 10% 20% 30% 40% 50% 60% 70% 80% 90% 100%  Solving Matrix... (4 sec)
  No.13/21 Freq = 5.12 (GHz):    Cells/Volumes/Unknowns: 143/0/204, SMSa: 50.25%
    Filling matrix:  0% 10% 20% 30% 40% 50% 60% 70% 80% 90% 100%  Solving Matrix... (5 sec)
  No.14/21 Freq = 5.23 (GHz):    Cells/Volumes/Unknowns: 143/0/204, SMSa: 50.25%
    Filling matrix:  0% 10% 20% 30% 40% 50% 60% 70% 80% 90% 100%  Solving Matrix... (5 sec)
  No.15/21 Freq = 5.34 (GHz):    Cells/Volumes/Unknowns: 143/0/204, SMSa: 50.25%
    Filling matrix:  0% 10% 20% 30% 40% 50% 60% 70% 80% 90% 100%  Solving Matrix... (6 sec)
  No.16/21 Freq = 5.45 (GHz):    Cells/Volumes/Unknowns: 143/0/204, SMSa: 50.25%
    Filling matrix:  0% 10% 20% 30% 40% 50% 60% 70% 80% 90% 100%  Solving Matrix... (6 sec)
  No.17/21 Freq = 5.56 (GHz):    Cells/Volumes/Unknowns: 143/0/204, SMSa: 50.25%
    Filling matrix:  0% 10% 20% 30% 40% 50% 60% 70% 80% 90% 100%  Solving Matrix... (6 sec)
  No.18/21 Freq = 5.67 (GHz):    Cells/Volumes/Unknowns: 143/0/204, SMSa: 50.25%
    Filling matrix:  0% 10% 20% 30% 40% 50% 60% 70% 80% 90% 100%  Solving Matrix... (7 sec)
  No.19/21 Freq = 5.78 (GHz):    Cells/Volumes/Unknowns: 143/0/204, SMSa: 50.25%
    Filling matrix:  0% 10% 20% 30% 40% 50% 60% 70% 80% 90% 100%  Solving Matrix... (7 sec)
  No.20/21 Freq = 5.89 (GHz):    Cells/Volumes/Unknowns: 143/0/204, SMSa: 50.25%
    Filling matrix:  0% 10% 20% 30% 40% 50% 60% 70% 80% 90% 100%  Solving Matrix... (7 sec)
  No.21/21 Freq =   6 (GHz):    Cells/Volumes/Unknowns: 143/0/204, SMSa: 50.25%
    Filling matrix:  0% 10% 20% 30% 40% 50% 60% 70% 80% 90% 100%  Solving Matrix... (8 sec)

 The simulation is finished at Tue Feb 02 12:20:57 2021 successfully!
 Total simulation time is 8 seconds.
 The s-parameter data is saved in: E:\BE PROJECT - 2\U-Slot\output\4800_2.sp
