
 ************************************************
 *                                              *
 *   IE3D Electromagnetic Simulator for Win32   *
 *             Special Flow Edition             *
 *                                              *
 *                 Version 12.28                *
 *                                              *
 *           Serial Number: 0000000000708           *
 *                                              *
 * (C)Copyright 1993-2007, Zeland Software, Inc.*
 *              All Rights Reserved             *
 *                                              *
 ************************************************

 Maximum allowed CPU usage number is 1


 This program is licensed to:
   Evaluators  

 Simulation geometry: E:\BE PROJECT - 2\U-Slot\800_1.geo
 The simulation started at: Fri Jan 29 16:06:24 2021

   Meshing Performed Using Classical Scheme with Parameters: 
   Fmax=3.3 GHz, Ncells=10, AEC=0, AEC Ratio=(0.1, 0.4), AEC Level=0
 
   Ports=1, Cells/Volumes/Unknowns=222/0/321, Min 1 MB RAM for SMSa
   FASTA Informaton: N/A

  No.1/20 Freq = 1.2 (GHz):    Cells/Volumes/Unknowns: 222/0/321, SMSa: 50.16%
    Filling matrix:  0% 10% 20% 30% 40% 50% 60% 70% 80% 90% 100%  Solving Matrix... (0 sec)
  No.2/20 Freq = 1.30526316 (GHz):    Cells/Volumes/Unknowns: 222/0/321, SMSa: 50.16%
    Filling matrix:  0% 10% 20% 30% 40% 50% 60% 70% 80% 90% 100%  Solving Matrix... (1 sec)
  No.3/20 Freq = 1.41052632 (GHz):    Cells/Volumes/Unknowns: 222/0/321, SMSa: 50.16%
    Filling matrix:  0% 10% 20% 30% 40% 50% 60% 70% 80% 90% 100%  Solving Matrix... (1 sec)
  No.4/20 Freq = 1.51578947 (GHz):    Cells/Volumes/Unknowns: 222/0/321, SMSa: 50.16%
    Filling matrix:  0% 10% 20% 30% 40% 50% 60% 70% 80% 90% 100%  Solving Matrix... (1 sec)
  No.5/20 Freq = 1.62105263 (GHz):    Cells/Volumes/Unknowns: 222/0/321, SMSa: 50.16%
    Filling matrix:  0% 10% 20% 30% 40% 50% 60% 70% 80% 90% 100%  Solving Matrix... (2 sec)
  No.6/20 Freq = 1.72631579 (GHz):    Cells/Volumes/Unknowns: 222/0/321, SMSa: 50.16%
    Filling matrix:  0% 10% 20% 30% 40% 50% 60% 70% 80% 90% 100%  Solving Matrix... (2 sec)
  No.7/20 Freq = 1.83157895 (GHz):    Cells/Volumes/Unknowns: 222/0/321, SMSa: 50.16%
    Filling matrix:  0% 10% 20% 30% 40% 50% 60% 70% 80% 90% 100%  Solving Matrix... (2 sec)
  No.8/20 Freq = 1.93684211 (GHz):    Cells/Volumes/Unknowns: 222/0/321, SMSa: 50.16%
    Filling matrix:  0% 10% 20% 30% 40% 50% 60% 70% 80% 90% 100%  Solving Matrix... (3 sec)
  No.9/20 Freq = 2.04210526 (GHz):    Cells/Volumes/Unknowns: 222/0/321, SMSa: 50.16%
    Filling matrix:  0% 10% 20% 30% 40% 50% 60% 70% 80% 90% 100%  Solving Matrix... (3 sec)
  No.10/20 Freq = 2.14736842 (GHz):    Cells/Volumes/Unknowns: 222/0/321, SMSa: 50.16%
    Filling matrix:  0% 10% 20% 30% 40% 50% 60% 70% 80% 90% 100%  Solving Matrix... (4 sec)
  No.11/20 Freq = 2.25263158 (GHz):    Cells/Volumes/Unknowns: 222/0/321, SMSa: 50.16%
    Filling matrix:  0% 10% 20% 30% 40% 50% 60% 70% 80% 90% 100%  Solving Matrix... (4 sec)
  No.12/20 Freq = 2.35789474 (GHz):    Cells/Volumes/Unknowns: 222/0/321, SMSa: 50.16%
    Filling matrix:  0% 10% 20% 30% 40% 50% 60% 70% 80% 90% 100%  Solving Matrix... (4 sec)
  No.13/20 Freq = 2.46315789 (GHz):    Cells/Volumes/Unknowns: 222/0/321, SMSa: 50.16%
    Filling matrix:  0% 10% 20% 30% 40% 50% 60% 70% 80% 90% 100%  Solving Matrix... (5 sec)
  No.14/20 Freq = 2.56842105 (GHz):    Cells/Volumes/Unknowns: 222/0/321, SMSa: 50.16%
    Filling matrix:  0% 10% 20% 30% 40% 50% 60% 70% 80% 90% 100%  Solving Matrix... (5 sec)
  No.15/20 Freq = 2.67368421 (GHz):    Cells/Volumes/Unknowns: 222/0/321, SMSa: 50.16%
    Filling matrix:  0% 10% 20% 30% 40% 50% 60% 70% 80% 90% 100%  Solving Matrix... (6 sec)
  No.16/20 Freq = 2.77894737 (GHz):    Cells/Volumes/Unknowns: 222/0/321, SMSa: 50.16%
    Filling matrix:  0% 10% 20% 30% 40% 50% 60% 70% 80% 90% 100%  Solving Matrix... (6 sec)
  No.17/20 Freq = 2.88421053 (GHz):    Cells/Volumes/Unknowns: 222/0/321, SMSa: 50.16%
    Filling matrix:  0% 10% 20% 30% 40% 50% 60% 70% 80% 90% 100%  Solving Matrix... (6 sec)
  No.18/20 Freq = 2.98947368 (GHz):    Cells/Volumes/Unknowns: 222/0/321, SMSa: 50.16%
    Filling matrix:  0% 10% 20% 30% 40% 50% 60% 70% 80% 90% 100%  Solving Matrix... (7 sec)
  No.19/20 Freq = 3.09473684 (GHz):    Cells/Volumes/Unknowns: 222/0/321, SMSa: 50.16%
    Filling matrix:  0% 10% 20% 30% 40% 50% 60% 70% 80% 90% 100%  Solving Matrix... (7 sec)
  No.20/20 Freq = 3.2 (GHz):    Cells/Volumes/Unknowns: 222/0/321, SMSa: 50.16%
    Filling matrix:  0% 10% 20% 30% 40% 50% 60% 70% 80% 90% 100%  Solving Matrix... (7 sec)

 The simulation is finished at Fri Jan 29 16:06:31 2021 successfully!
 Total simulation time is 7 seconds.
 The s-parameter data is saved in: E:\BE PROJECT - 2\U-Slot\output\800_1.sp
