
 ************************************************
 *                                              *
 *   IE3D Electromagnetic Simulator for Win32   *
 *             Special Flow Edition             *
 *                                              *
 *                 Version 12.28                *
 *                                              *
 *           Serial Number: 0000000000708           *
 *                                              *
 * (C)Copyright 1993-2007, Zeland Software, Inc.*
 *              All Rights Reserved             *
 *                                              *
 ************************************************

 Maximum allowed CPU usage number is 1


 This program is licensed to:
   Evaluators  

 Simulation geometry: E:\BE PROJECT - 2\U-Slot\800_2.geo
 The simulation started at: Wed Feb 03 14:38:11 2021

   Meshing Performed Using Classical Scheme with Parameters: 
   Fmax=2.5 GHz, Ncells=10, AEC=0, AEC Ratio=(0.1, 0.4), AEC Level=0
 
   Ports=1, Cells/Volumes/Unknowns=793/0/1160, Min 11 MB RAM for SMSa
   FASTA Informaton: N/A

  No.1/21 Freq = 0.4 (GHz):    Cells/Volumes/Unknowns: 793/0/1160, SMSa: 50.04%
    Filling matrix:  0% 10% 20% 30% 40% 50% 60% 70% 80% 90% 100%  Solving Matrix... (4 sec)
  No.2/21 Freq = 0.5 (GHz):    Cells/Volumes/Unknowns: 793/0/1160, SMSa: 50.04%
    Filling matrix:  0% 10% 20% 30% 40% 50% 60% 70% 80% 90% 100%  Solving Matrix... (9 sec)
  No.3/21 Freq = 0.6 (GHz):    Cells/Volumes/Unknowns: 793/0/1160, SMSa: 50.04%
    Filling matrix:  0% 10% 20% 30% 40% 50% 60% 70% 80% 90% 100%  Solving Matrix... (13 sec)
  No.4/21 Freq = 0.7 (GHz):    Cells/Volumes/Unknowns: 793/0/1160, SMSa: 50.04%
    Filling matrix:  0% 10% 20% 30% 40% 50% 60% 70% 80% 90% 100%  Solving Matrix... (17 sec)
  No.5/21 Freq = 0.8 (GHz):    Cells/Volumes/Unknowns: 793/0/1160, SMSa: 50.04%
    Filling matrix:  0% 10% 20% 30% 40% 50% 60% 70% 80% 90% 100%  Solving Matrix... (21 sec)
  No.6/21 Freq = 0.9 (GHz):    Cells/Volumes/Unknowns: 793/0/1160, SMSa: 50.04%
    Filling matrix:  0% 10% 20% 30% 40% 50% 60% 70% 80% 90% 100%  Solving Matrix... (26 sec)
  No.7/21 Freq =   1 (GHz):    Cells/Volumes/Unknowns: 793/0/1160, SMSa: 50.04%
    Filling matrix:  0% 10% 20% 30% 40% 50% 60% 70% 80% 90% 100%  Solving Matrix... (30 sec)
  No.8/21 Freq = 1.1 (GHz):    Cells/Volumes/Unknowns: 793/0/1160, SMSa: 50.04%
    Filling matrix:  0% 10% 20% 30% 40% 50% 60% 70% 80% 90% 100%  Solving Matrix... (35 sec)
  No.9/21 Freq = 1.2 (GHz):    Cells/Volumes/Unknowns: 793/0/1160, SMSa: 50.04%
    Filling matrix:  0% 10% 20% 30% 40% 50% 60% 70% 80% 90% 100%  Solving Matrix... (40 sec)
  No.10/21 Freq = 1.3 (GHz):    Cells/Volumes/Unknowns: 793/0/1160, SMSa: 50.04%
    Filling matrix:  0% 10% 20% 30% 40% 50% 60% 70% 80% 90% 100%  Solving Matrix... (44 sec)
  No.11/21 Freq = 1.4 (GHz):    Cells/Volumes/Unknowns: 793/0/1160, SMSa: 50.04%
    Filling matrix:  0% 10% 20% 30% 40% 50% 60% 70% 80% 90% 100%  Solving Matrix... (48 sec)
  No.12/21 Freq = 1.5 (GHz):    Cells/Volumes/Unknowns: 793/0/1160, SMSa: 50.04%
    Filling matrix:  0% 10% 20% 30% 40% 50% 60% 70% 80% 90% 100%  Solving Matrix... (52 sec)
  No.13/21 Freq = 1.6 (GHz):    Cells/Volumes/Unknowns: 793/0/1160, SMSa: 50.04%
    Filling matrix:  0% 10% 20% 30% 40% 50% 60% 70% 80% 90% 100%  Solving Matrix... (56 sec)
  No.14/21 Freq = 1.7 (GHz):    Cells/Volumes/Unknowns: 793/0/1160, SMSa: 50.04%
    Filling matrix:  0% 10% 20% 30% 40% 50% 60% 70% 80% 90% 100%  Solving Matrix... (60 sec)
  No.15/21 Freq = 1.8 (GHz):    Cells/Volumes/Unknowns: 793/0/1160, SMSa: 50.04%
    Filling matrix:  0% 10% 20% 30% 40% 50% 60% 70% 80% 90% 100%  Solving Matrix... (64 sec)
  No.16/21 Freq = 1.9 (GHz):    Cells/Volumes/Unknowns: 793/0/1160, SMSa: 50.04%
    Filling matrix:  0% 10% 20% 30% 40% 50% 60% 70% 80% 90% 100%  Solving Matrix... (68 sec)
  No.17/21 Freq =   2 (GHz):    Cells/Volumes/Unknowns: 793/0/1160, SMSa: 50.04%
    Filling matrix:  0% 10% 20% 30% 40% 50% 60% 70% 80% 90% 100%  Solving Matrix... (71 sec)
  No.18/21 Freq = 2.1 (GHz):    Cells/Volumes/Unknowns: 793/0/1160, SMSa: 50.04%
    Filling matrix:  0% 10% 20% 30% 40% 50% 60% 70% 80% 90% 100%  Solving Matrix... (75 sec)
  No.19/21 Freq = 2.2 (GHz):    Cells/Volumes/Unknowns: 793/0/1160, SMSa: 50.04%
    Filling matrix:  0% 10% 20% 30% 40% 50% 60% 70% 80% 90% 100%  Solving Matrix... (79 sec)
  No.20/21 Freq = 2.3 (GHz):    Cells/Volumes/Unknowns: 793/0/1160, SMSa: 50.04%
    Filling matrix:  0% 10% 20% 30% 40% 50% 60% 70% 80% 90% 100%  Solving Matrix... (83 sec)
  No.21/21 Freq = 2.4 (GHz):    Cells/Volumes/Unknowns: 793/0/1160, SMSa: 50.04%
    Filling matrix:  0% 10% 20% 30% 40% 50% 60% 70% 80% 90% 100%  Solving Matrix... (87 sec)

 The simulation is finished at Wed Feb 03 14:39:38 2021 successfully!
 Total simulation time is 87 seconds.
 The s-parameter data is saved in: E:\BE PROJECT - 2\U-Slot\output\800_2.sp
